<?xml version="1.0" encoding="utf-8"?>
<CoverageSession xmlns:xsd="http://www.w3.org/2001/XMLSchema" xmlns:xsi="http://www.w3.org/2001/XMLSchema-instance" Version="4.6.0.0">
  <Summary numSequencePoints="67" visitedSequencePoints="65" numBranchPoints="16" visitedBranchPoints="15" sequenceCoverage="97.01" branchCoverage="93.75" maxCyclomaticComplexity="2" minCyclomaticComplexity="1" maxCrapScore="2" minCrapScore="1" visitedClasses="2" numClasses="3" visitedMethods="13" numMethods="14" />
  <Modules>
    <Module hash="A2-C0-7D-6E-D5-17-0A-70-57-5B-DF-D5-C2-DE-FA-57-E3-C6-F1-6C">
      <Summary numSequencePoints="40" visitedSequencePoints="40" numBranchPoints="8" visitedBranchPoints="8" sequenceCoverage="100" branchCoverage="100" maxCyclomaticComplexity="1" minCyclomaticComplexity="0" maxCrapScore="2" minCrapScore="0" visitedClasses="1" numClasses="1" visitedMethods="8" numMethods="8" />
      <ModulePath>D:\ИПЗ\5 New all refactoring\Main Project\MainUnitTestProject\bin\Debug\MainUnitTestProject.dll</ModulePath>
      <ModuleTime>2018-11-26T09:25:52.9168258Z</ModuleTime>
      <ModuleName>MainUnitTestProject</ModuleName>
      <Files>
        <File uid="1" fullPath="D:\ИПЗ\5 New all refactoring\Main Project\MainUnitTestProject\UnitTest1.cs" />
      </Files>
      <Classes>
        <Class>
          <Summary numSequencePoints="40" visitedSequencePoints="40" numBranchPoints="8" visitedBranchPoints="8" sequenceCoverage="100" branchCoverage="100" maxCyclomaticComplexity="1" minCyclomaticComplexity="1" maxCrapScore="2" minCrapScore="1" visitedClasses="1" numClasses="1" visitedMethods="8" numMethods="8" />
          <FullName>MainUnitTestProject.UnitTest1</FullName>
          <Methods>
            <Method visited="true" cyclomaticComplexity="1" nPathComplexity="0" sequenceCoverage="100" branchCoverage="100" crapScore="1" isConstructor="false" isStatic="false" isGetter="false" isSetter="false">
              <Summary numSequencePoints="5" visitedSequencePoints="5" numBranchPoints="1" visitedBranchPoints="1" sequenceCoverage="100" branchCoverage="100" maxCyclomaticComplexity="1" minCyclomaticComplexity="1" maxCrapScore="1" minCrapScore="1" visitedClasses="0" numClasses="0" visitedMethods="1" numMethods="1" />
              <MetadataToken>100663297</MetadataToken>
              <Name>System.Void MainUnitTestProject.UnitTest1::test_actual_good_data()</Name>
              <FileRef uid="1" />
              <SequencePoints>
                <SequencePoint vc="1" uspid="1" ordinal="0" offset="0" sl="12" sc="9" el="12" ec="10" bec="0" bev="0" fileid="1">
                  <TrackedMethodRefs>
                    <TrackedMethodRef uid="1" vc="1" />
                  </TrackedMethodRefs>
                </SequencePoint>
                <SequencePoint vc="1" uspid="2" ordinal="1" offset="1" sl="13" sc="13" el="13" ec="68" bec="0" bev="0" fileid="1">
                  <TrackedMethodRefs>
                    <TrackedMethodRef uid="1" vc="1" />
                  </TrackedMethodRefs>
                </SequencePoint>
                <SequencePoint vc="1" uspid="3" ordinal="2" offset="19" sl="14" sc="13" el="14" ec="43" bec="0" bev="0" fileid="1">
                  <TrackedMethodRefs>
                    <TrackedMethodRef uid="1" vc="1" />
                  </TrackedMethodRefs>
                </SequencePoint>
                <SequencePoint vc="1" uspid="4" ordinal="3" offset="26" sl="15" sc="13" el="15" ec="46" bec="0" bev="0" fileid="1">
                  <TrackedMethodRefs>
                    <TrackedMethodRef uid="1" vc="1" />
                  </TrackedMethodRefs>
                </SequencePoint>
                <SequencePoint vc="1" uspid="5" ordinal="4" offset="40" sl="16" sc="9" el="16" ec="10" bec="0" bev="0" fileid="1">
                  <TrackedMethodRefs>
                    <TrackedMethodRef uid="1" vc="1" />
                  </TrackedMethodRefs>
                </SequencePoint>
              </SequencePoints>
              <BranchPoints />
              <MethodPoint xsi:type="SequencePoint" vc="1" uspid="1" ordinal="0" offset="0" sl="12" sc="9" el="12" ec="10" bec="0" bev="0" fileid="1">
                <TrackedMethodRefs>
                  <TrackedMethodRef uid="1" vc="1" />
                </TrackedMethodRefs>
              </MethodPoint>
            </Method>
            <Method visited="true" cyclomaticComplexity="1" nPathComplexity="0" sequenceCoverage="100" branchCoverage="100" crapScore="1" isConstructor="false" isStatic="false" isGetter="false" isSetter="false">
              <Summary numSequencePoints="5" visitedSequencePoints="5" numBranchPoints="1" visitedBranchPoints="1" sequenceCoverage="100" branchCoverage="100" maxCyclomaticComplexity="1" minCyclomaticComplexity="1" maxCrapScore="1" minCrapScore="1" visitedClasses="0" numClasses="0" visitedMethods="1" numMethods="1" />
              <MetadataToken>100663298</MetadataToken>
              <Name>System.Void MainUnitTestProject.UnitTest1::test_actual_bad_data()</Name>
              <FileRef uid="1" />
              <SequencePoints>
                <SequencePoint vc="1" uspid="6" ordinal="0" offset="0" sl="20" sc="9" el="20" ec="10" bec="0" bev="0" fileid="1">
                  <TrackedMethodRefs>
                    <TrackedMethodRef uid="2" vc="1" />
                  </TrackedMethodRefs>
                </SequencePoint>
                <SequencePoint vc="1" uspid="7" ordinal="1" offset="1" sl="21" sc="13" el="21" ec="68" bec="0" bev="0" fileid="1">
                  <TrackedMethodRefs>
                    <TrackedMethodRef uid="2" vc="1" />
                  </TrackedMethodRefs>
                </SequencePoint>
                <SequencePoint vc="1" uspid="8" ordinal="2" offset="19" sl="22" sc="13" el="22" ec="43" bec="0" bev="0" fileid="1">
                  <TrackedMethodRefs>
                    <TrackedMethodRef uid="2" vc="1" />
                  </TrackedMethodRefs>
                </SequencePoint>
                <SequencePoint vc="1" uspid="9" ordinal="3" offset="26" sl="23" sc="13" el="23" ec="53" bec="0" bev="0" fileid="1">
                  <TrackedMethodRefs>
                    <TrackedMethodRef uid="2" vc="1" />
                  </TrackedMethodRefs>
                </SequencePoint>
                <SequencePoint vc="1" uspid="10" ordinal="4" offset="43" sl="24" sc="9" el="24" ec="10" bec="0" bev="0" fileid="1">
                  <TrackedMethodRefs>
                    <TrackedMethodRef uid="2" vc="1" />
                  </TrackedMethodRefs>
                </SequencePoint>
              </SequencePoints>
              <BranchPoints />
              <MethodPoint xsi:type="SequencePoint" vc="1" uspid="6" ordinal="0" offset="0" sl="20" sc="9" el="20" ec="10" bec="0" bev="0" fileid="1">
                <TrackedMethodRefs>
                  <TrackedMethodRef uid="2" vc="1" />
                </TrackedMethodRefs>
              </MethodPoint>
            </Method>
            <Method visited="true" cyclomaticComplexity="1" nPathComplexity="0" sequenceCoverage="100" branchCoverage="100" crapScore="1" isConstructor="false" isStatic="false" isGetter="false" isSetter="false">
              <Summary numSequencePoints="5" visitedSequencePoints="5" numBranchPoints="1" visitedBranchPoints="1" sequenceCoverage="100" branchCoverage="100" maxCyclomaticComplexity="1" minCyclomaticComplexity="1" maxCrapScore="1" minCrapScore="1" visitedClasses="0" numClasses="0" visitedMethods="1" numMethods="1" />
              <MetadataToken>100663299</MetadataToken>
              <Name>System.Void MainUnitTestProject.UnitTest1::test_read_good_data()</Name>
              <FileRef uid="1" />
              <SequencePoints>
                <SequencePoint vc="1" uspid="11" ordinal="0" offset="0" sl="28" sc="9" el="28" ec="10" bec="0" bev="0" fileid="1">
                  <TrackedMethodRefs>
                    <TrackedMethodRef uid="3" vc="1" />
                  </TrackedMethodRefs>
                </SequencePoint>
                <SequencePoint vc="1" uspid="12" ordinal="1" offset="1" sl="29" sc="13" el="29" ec="68" bec="0" bev="0" fileid="1">
                  <TrackedMethodRefs>
                    <TrackedMethodRef uid="3" vc="1" />
                  </TrackedMethodRefs>
                </SequencePoint>
                <SequencePoint vc="1" uspid="13" ordinal="2" offset="19" sl="30" sc="13" el="30" ec="43" bec="0" bev="0" fileid="1">
                  <TrackedMethodRefs>
                    <TrackedMethodRef uid="3" vc="1" />
                  </TrackedMethodRefs>
                </SequencePoint>
                <SequencePoint vc="1" uspid="14" ordinal="3" offset="26" sl="31" sc="13" el="31" ec="44" bec="0" bev="0" fileid="1">
                  <TrackedMethodRefs>
                    <TrackedMethodRef uid="3" vc="1" />
                  </TrackedMethodRefs>
                </SequencePoint>
                <SequencePoint vc="1" uspid="15" ordinal="4" offset="40" sl="32" sc="9" el="32" ec="10" bec="0" bev="0" fileid="1">
                  <TrackedMethodRefs>
                    <TrackedMethodRef uid="3" vc="1" />
                  </TrackedMethodRefs>
                </SequencePoint>
              </SequencePoints>
              <BranchPoints />
              <MethodPoint xsi:type="SequencePoint" vc="1" uspid="11" ordinal="0" offset="0" sl="28" sc="9" el="28" ec="10" bec="0" bev="0" fileid="1">
                <TrackedMethodRefs>
                  <TrackedMethodRef uid="3" vc="1" />
                </TrackedMethodRefs>
              </MethodPoint>
            </Method>
            <Method visited="true" cyclomaticComplexity="1" nPathComplexity="0" sequenceCoverage="100" branchCoverage="100" crapScore="1" isConstructor="false" isStatic="false" isGetter="false" isSetter="false">
              <Summary numSequencePoints="5" visitedSequencePoints="5" numBranchPoints="1" visitedBranchPoints="1" sequenceCoverage="100" branchCoverage="100" maxCyclomaticComplexity="1" minCyclomaticComplexity="1" maxCrapScore="1" minCrapScore="1" visitedClasses="0" numClasses="0" visitedMethods="1" numMethods="1" />
              <MetadataToken>100663300</MetadataToken>
              <Name>System.Void MainUnitTestProject.UnitTest1::test_read_bad_data()</Name>
              <FileRef uid="1" />
              <SequencePoints>
                <SequencePoint vc="1" uspid="16" ordinal="0" offset="0" sl="36" sc="9" el="36" ec="10" bec="0" bev="0" fileid="1">
                  <TrackedMethodRefs>
                    <TrackedMethodRef uid="4" vc="1" />
                  </TrackedMethodRefs>
                </SequencePoint>
                <SequencePoint vc="1" uspid="17" ordinal="1" offset="1" sl="37" sc="13" el="37" ec="68" bec="0" bev="0" fileid="1">
                  <TrackedMethodRefs>
                    <TrackedMethodRef uid="4" vc="1" />
                  </TrackedMethodRefs>
                </SequencePoint>
                <SequencePoint vc="1" uspid="18" ordinal="2" offset="19" sl="38" sc="13" el="38" ec="43" bec="0" bev="0" fileid="1">
                  <TrackedMethodRefs>
                    <TrackedMethodRef uid="4" vc="1" />
                  </TrackedMethodRefs>
                </SequencePoint>
                <SequencePoint vc="1" uspid="19" ordinal="3" offset="26" sl="39" sc="13" el="39" ec="51" bec="0" bev="0" fileid="1">
                  <TrackedMethodRefs>
                    <TrackedMethodRef uid="4" vc="1" />
                  </TrackedMethodRefs>
                </SequencePoint>
                <SequencePoint vc="1" uspid="20" ordinal="4" offset="43" sl="40" sc="9" el="40" ec="10" bec="0" bev="0" fileid="1">
                  <TrackedMethodRefs>
                    <TrackedMethodRef uid="4" vc="1" />
                  </TrackedMethodRefs>
                </SequencePoint>
              </SequencePoints>
              <BranchPoints />
              <MethodPoint xsi:type="SequencePoint" vc="1" uspid="16" ordinal="0" offset="0" sl="36" sc="9" el="36" ec="10" bec="0" bev="0" fileid="1">
                <TrackedMethodRefs>
                  <TrackedMethodRef uid="4" vc="1" />
                </TrackedMethodRefs>
              </MethodPoint>
            </Method>
            <Method visited="true" cyclomaticComplexity="1" nPathComplexity="0" sequenceCoverage="100" branchCoverage="100" crapScore="1" isConstructor="false" isStatic="false" isGetter="false" isSetter="false">
              <Summary numSequencePoints="5" visitedSequencePoints="5" numBranchPoints="1" visitedBranchPoints="1" sequenceCoverage="100" branchCoverage="100" maxCyclomaticComplexity="1" minCyclomaticComplexity="1" maxCrapScore="1" minCrapScore="1" visitedClasses="0" numClasses="0" visitedMethods="1" numMethods="1" />
              <MetadataToken>100663301</MetadataToken>
              <Name>System.Void MainUnitTestProject.UnitTest1::test_range_read_good_data()</Name>
              <FileRef uid="1" />
              <SequencePoints>
                <SequencePoint vc="1" uspid="21" ordinal="0" offset="0" sl="44" sc="9" el="44" ec="10" bec="0" bev="0" fileid="1">
                  <TrackedMethodRefs>
                    <TrackedMethodRef uid="5" vc="1" />
                  </TrackedMethodRefs>
                </SequencePoint>
                <SequencePoint vc="1" uspid="22" ordinal="1" offset="1" sl="45" sc="13" el="45" ec="68" bec="0" bev="0" fileid="1">
                  <TrackedMethodRefs>
                    <TrackedMethodRef uid="5" vc="1" />
                  </TrackedMethodRefs>
                </SequencePoint>
                <SequencePoint vc="1" uspid="23" ordinal="2" offset="19" sl="46" sc="13" el="46" ec="43" bec="0" bev="0" fileid="1">
                  <TrackedMethodRefs>
                    <TrackedMethodRef uid="5" vc="1" />
                  </TrackedMethodRefs>
                </SequencePoint>
                <SequencePoint vc="1" uspid="24" ordinal="3" offset="26" sl="47" sc="13" el="47" ec="57" bec="0" bev="0" fileid="1">
                  <TrackedMethodRefs>
                    <TrackedMethodRef uid="5" vc="1" />
                  </TrackedMethodRefs>
                </SequencePoint>
                <SequencePoint vc="1" uspid="25" ordinal="4" offset="43" sl="48" sc="9" el="48" ec="10" bec="0" bev="0" fileid="1">
                  <TrackedMethodRefs>
                    <TrackedMethodRef uid="5" vc="1" />
                  </TrackedMethodRefs>
                </SequencePoint>
              </SequencePoints>
              <BranchPoints />
              <MethodPoint xsi:type="SequencePoint" vc="1" uspid="21" ordinal="0" offset="0" sl="44" sc="9" el="44" ec="10" bec="0" bev="0" fileid="1">
                <TrackedMethodRefs>
                  <TrackedMethodRef uid="5" vc="1" />
                </TrackedMethodRefs>
              </MethodPoint>
            </Method>
            <Method visited="true" cyclomaticComplexity="1" nPathComplexity="0" sequenceCoverage="100" branchCoverage="100" crapScore="1" isConstructor="false" isStatic="false" isGetter="false" isSetter="false">
              <Summary numSequencePoints="5" visitedSequencePoints="5" numBranchPoints="1" visitedBranchPoints="1" sequenceCoverage="100" branchCoverage="100" maxCyclomaticComplexity="1" minCyclomaticComplexity="1" maxCrapScore="1" minCrapScore="1" visitedClasses="0" numClasses="0" visitedMethods="1" numMethods="1" />
              <MetadataToken>100663302</MetadataToken>
              <Name>System.Void MainUnitTestProject.UnitTest1::test_range_read_bad_data()</Name>
              <FileRef uid="1" />
              <SequencePoints>
                <SequencePoint vc="1" uspid="26" ordinal="0" offset="0" sl="52" sc="9" el="52" ec="10" bec="0" bev="0" fileid="1">
                  <TrackedMethodRefs>
                    <TrackedMethodRef uid="6" vc="1" />
                  </TrackedMethodRefs>
                </SequencePoint>
                <SequencePoint vc="1" uspid="27" ordinal="1" offset="1" sl="53" sc="13" el="53" ec="68" bec="0" bev="0" fileid="1">
                  <TrackedMethodRefs>
                    <TrackedMethodRef uid="6" vc="1" />
                  </TrackedMethodRefs>
                </SequencePoint>
                <SequencePoint vc="1" uspid="28" ordinal="2" offset="19" sl="54" sc="13" el="54" ec="43" bec="0" bev="0" fileid="1">
                  <TrackedMethodRefs>
                    <TrackedMethodRef uid="6" vc="1" />
                  </TrackedMethodRefs>
                </SequencePoint>
                <SequencePoint vc="1" uspid="29" ordinal="3" offset="26" sl="55" sc="13" el="55" ec="65" bec="0" bev="0" fileid="1">
                  <TrackedMethodRefs>
                    <TrackedMethodRef uid="6" vc="1" />
                  </TrackedMethodRefs>
                </SequencePoint>
                <SequencePoint vc="1" uspid="30" ordinal="4" offset="46" sl="56" sc="9" el="56" ec="10" bec="0" bev="0" fileid="1">
                  <TrackedMethodRefs>
                    <TrackedMethodRef uid="6" vc="1" />
                  </TrackedMethodRefs>
                </SequencePoint>
              </SequencePoints>
              <BranchPoints />
              <MethodPoint xsi:type="SequencePoint" vc="1" uspid="26" ordinal="0" offset="0" sl="52" sc="9" el="52" ec="10" bec="0" bev="0" fileid="1">
                <TrackedMethodRefs>
                  <TrackedMethodRef uid="6" vc="1" />
                </TrackedMethodRefs>
              </MethodPoint>
            </Method>
            <Method visited="true" cyclomaticComplexity="1" nPathComplexity="0" sequenceCoverage="100" branchCoverage="100" crapScore="1" isConstructor="false" isStatic="false" isGetter="false" isSetter="false">
              <Summary numSequencePoints="5" visitedSequencePoints="5" numBranchPoints="1" visitedBranchPoints="1" sequenceCoverage="100" branchCoverage="100" maxCyclomaticComplexity="1" minCyclomaticComplexity="1" maxCrapScore="1" minCrapScore="1" visitedClasses="0" numClasses="0" visitedMethods="1" numMethods="1" />
              <MetadataToken>100663303</MetadataToken>
              <Name>System.Void MainUnitTestProject.UnitTest1::test_count_prop_good()</Name>
              <FileRef uid="1" />
              <SequencePoints>
                <SequencePoint vc="1" uspid="31" ordinal="0" offset="0" sl="60" sc="9" el="60" ec="10" bec="0" bev="0" fileid="1">
                  <TrackedMethodRefs>
                    <TrackedMethodRef uid="7" vc="1" />
                  </TrackedMethodRefs>
                </SequencePoint>
                <SequencePoint vc="1" uspid="32" ordinal="1" offset="1" sl="61" sc="13" el="61" ec="68" bec="0" bev="0" fileid="1">
                  <TrackedMethodRefs>
                    <TrackedMethodRef uid="7" vc="1" />
                  </TrackedMethodRefs>
                </SequencePoint>
                <SequencePoint vc="1" uspid="33" ordinal="2" offset="19" sl="62" sc="13" el="62" ec="43" bec="0" bev="0" fileid="1">
                  <TrackedMethodRefs>
                    <TrackedMethodRef uid="7" vc="1" />
                  </TrackedMethodRefs>
                </SequencePoint>
                <SequencePoint vc="1" uspid="34" ordinal="3" offset="26" sl="63" sc="13" el="63" ec="63" bec="0" bev="0" fileid="1">
                  <TrackedMethodRefs>
                    <TrackedMethodRef uid="7" vc="1" />
                  </TrackedMethodRefs>
                </SequencePoint>
                <SequencePoint vc="1" uspid="35" ordinal="4" offset="45" sl="64" sc="9" el="64" ec="10" bec="0" bev="0" fileid="1">
                  <TrackedMethodRefs>
                    <TrackedMethodRef uid="7" vc="1" />
                  </TrackedMethodRefs>
                </SequencePoint>
              </SequencePoints>
              <BranchPoints />
              <MethodPoint xsi:type="SequencePoint" vc="1" uspid="31" ordinal="0" offset="0" sl="60" sc="9" el="60" ec="10" bec="0" bev="0" fileid="1">
                <TrackedMethodRefs>
                  <TrackedMethodRef uid="7" vc="1" />
                </TrackedMethodRefs>
              </MethodPoint>
            </Method>
            <Method visited="true" cyclomaticComplexity="1" nPathComplexity="0" sequenceCoverage="100" branchCoverage="100" crapScore="1" isConstructor="false" isStatic="false" isGetter="false" isSetter="false">
              <Summary numSequencePoints="5" visitedSequencePoints="5" numBranchPoints="1" visitedBranchPoints="1" sequenceCoverage="100" branchCoverage="100" maxCyclomaticComplexity="1" minCyclomaticComplexity="1" maxCrapScore="1" minCrapScore="1" visitedClasses="0" numClasses="0" visitedMethods="1" numMethods="1" />
              <MetadataToken>100663304</MetadataToken>
              <Name>System.Void MainUnitTestProject.UnitTest1::test_count_prop_bad()</Name>
              <FileRef uid="1" />
              <SequencePoints>
                <SequencePoint vc="1" uspid="36" ordinal="0" offset="0" sl="68" sc="9" el="68" ec="10" bec="0" bev="0" fileid="1">
                  <TrackedMethodRefs>
                    <TrackedMethodRef uid="8" vc="1" />
                  </TrackedMethodRefs>
                </SequencePoint>
                <SequencePoint vc="1" uspid="37" ordinal="1" offset="1" sl="69" sc="13" el="69" ec="68" bec="0" bev="0" fileid="1">
                  <TrackedMethodRefs>
                    <TrackedMethodRef uid="8" vc="1" />
                  </TrackedMethodRefs>
                </SequencePoint>
                <SequencePoint vc="1" uspid="38" ordinal="2" offset="19" sl="70" sc="13" el="70" ec="43" bec="0" bev="0" fileid="1">
                  <TrackedMethodRefs>
                    <TrackedMethodRef uid="8" vc="1" />
                  </TrackedMethodRefs>
                </SequencePoint>
                <SequencePoint vc="1" uspid="39" ordinal="3" offset="26" sl="71" sc="13" el="71" ec="58" bec="0" bev="0" fileid="1">
                  <TrackedMethodRefs>
                    <TrackedMethodRef uid="8" vc="1" />
                  </TrackedMethodRefs>
                </SequencePoint>
                <SequencePoint vc="1" uspid="40" ordinal="4" offset="49" sl="72" sc="9" el="72" ec="10" bec="0" bev="0" fileid="1">
                  <TrackedMethodRefs>
                    <TrackedMethodRef uid="8" vc="1" />
                  </TrackedMethodRefs>
                </SequencePoint>
              </SequencePoints>
              <BranchPoints />
              <MethodPoint xsi:type="SequencePoint" vc="1" uspid="36" ordinal="0" offset="0" sl="68" sc="9" el="68" ec="10" bec="0" bev="0" fileid="1">
                <TrackedMethodRefs>
                  <TrackedMethodRef uid="8" vc="1" />
                </TrackedMethodRefs>
              </MethodPoint>
            </Method>
            <Method visited="false" cyclomaticComplexity="1" nPathComplexity="0" sequenceCoverage="0" branchCoverage="0" crapScore="2" isConstructor="true" isStatic="false" isGetter="false" isSetter="false">
              <Summary numSequencePoints="0" visitedSequencePoints="0" numBranchPoints="0" visitedBranchPoints="0" sequenceCoverage="0" branchCoverage="0" maxCyclomaticComplexity="1" minCyclomaticComplexity="1" maxCrapScore="2" minCrapScore="2" visitedClasses="0" numClasses="0" visitedMethods="0" numMethods="0" />
              <MetadataToken>100663305</MetadataToken>
              <Name>System.Void MainUnitTestProject.UnitTest1::.ctor()</Name>
              <SequencePoints />
              <BranchPoints />
              <MethodPoint vc="0" uspid="41" ordinal="0" offset="0" />
            </Method>
          </Methods>
        </Class>
      </Classes>
      <TrackedMethods>
        <TrackedMethod uid="1" token="100663297" name="System.Void MainUnitTestProject.UnitTest1::test_actual_good_data()" strategy="MSTestTest" />
        <TrackedMethod uid="2" token="100663298" name="System.Void MainUnitTestProject.UnitTest1::test_actual_bad_data()" strategy="MSTestTest" />
        <TrackedMethod uid="3" token="100663299" name="System.Void MainUnitTestProject.UnitTest1::test_read_good_data()" strategy="MSTestTest" />
        <TrackedMethod uid="4" token="100663300" name="System.Void MainUnitTestProject.UnitTest1::test_read_bad_data()" strategy="MSTestTest" />
        <TrackedMethod uid="5" token="100663301" name="System.Void MainUnitTestProject.UnitTest1::test_range_read_good_data()" strategy="MSTestTest" />
        <TrackedMethod uid="6" token="100663302" name="System.Void MainUnitTestProject.UnitTest1::test_range_read_bad_data()" strategy="MSTestTest" />
        <TrackedMethod uid="7" token="100663303" name="System.Void MainUnitTestProject.UnitTest1::test_count_prop_good()" strategy="MSTestTest" />
        <TrackedMethod uid="8" token="100663304" name="System.Void MainUnitTestProject.UnitTest1::test_count_prop_bad()" strategy="MSTestTest" />
      </TrackedMethods>
    </Module>
    <Module hash="88-F7-8A-6C-6F-54-67-A3-D2-06-AE-3F-0F-BA-99-FE-FC-F3-F5-87">
      <Summary numSequencePoints="27" visitedSequencePoints="25" numBranchPoints="8" visitedBranchPoints="7" sequenceCoverage="92.59" branchCoverage="87.5" maxCyclomaticComplexity="2" minCyclomaticComplexity="1" maxCrapScore="2" minCrapScore="1" visitedClasses="1" numClasses="2" visitedMethods="5" numMethods="6" />
      <ModulePath>D:\ИПЗ\5 New all refactoring\Main Project\MainUnitTestProject\bin\Debug\Tree_Class.exe</ModulePath>
      <ModuleTime>2018-11-26T09:02:35.4853934Z</ModuleTime>
      <ModuleName>Tree_Class</ModuleName>
      <Files>
        <File uid="3" fullPath="D:\ИПЗ\5 New all refactoring\Main Project\Tree_Class\Program.cs" />
      </Files>
      <Classes>
        <Class>
          <Summary numSequencePoints="2" visitedSequencePoints="0" numBranchPoints="1" visitedBranchPoints="0" sequenceCoverage="0" branchCoverage="0" maxCyclomaticComplexity="1" minCyclomaticComplexity="1" maxCrapScore="2" minCrapScore="2" visitedClasses="0" numClasses="1" visitedMethods="0" numMethods="1" />
          <FullName>Tree_Class.Program</FullName>
          <Methods>
            <Method visited="false" cyclomaticComplexity="1" nPathComplexity="0" sequenceCoverage="0" branchCoverage="0" crapScore="2" isConstructor="false" isStatic="true" isGetter="false" isSetter="false">
              <Summary numSequencePoints="2" visitedSequencePoints="0" numBranchPoints="1" visitedBranchPoints="0" sequenceCoverage="0" branchCoverage="0" maxCyclomaticComplexity="1" minCyclomaticComplexity="1" maxCrapScore="2" minCrapScore="2" visitedClasses="0" numClasses="0" visitedMethods="0" numMethods="1" />
              <MetadataToken>100663297</MetadataToken>
              <Name>System.Void Tree_Class.Program::Main(System.String[])</Name>
              <FileRef uid="3" />
              <SequencePoints>
                <SequencePoint vc="0" uspid="42" ordinal="0" offset="0" sl="12" sc="9" el="12" ec="10" bec="0" bev="0" fileid="3" />
                <SequencePoint vc="0" uspid="43" ordinal="1" offset="1" sl="13" sc="9" el="13" ec="10" bec="0" bev="0" fileid="3" />
              </SequencePoints>
              <BranchPoints />
              <MethodPoint xsi:type="SequencePoint" vc="0" uspid="42" ordinal="0" offset="0" sl="12" sc="9" el="12" ec="10" bec="0" bev="0" fileid="3" />
            </Method>
            <Method visited="false" cyclomaticComplexity="1" nPathComplexity="0" sequenceCoverage="0" branchCoverage="0" crapScore="2" isConstructor="true" isStatic="false" isGetter="false" isSetter="false">
              <Summary numSequencePoints="0" visitedSequencePoints="0" numBranchPoints="0" visitedBranchPoints="0" sequenceCoverage="0" branchCoverage="0" maxCyclomaticComplexity="1" minCyclomaticComplexity="1" maxCrapScore="2" minCrapScore="2" visitedClasses="0" numClasses="0" visitedMethods="0" numMethods="0" />
              <MetadataToken>100663298</MetadataToken>
              <Name>System.Void Tree_Class.Program::.ctor()</Name>
              <SequencePoints />
              <BranchPoints />
              <MethodPoint vc="0" uspid="44" ordinal="0" offset="0" />
            </Method>
          </Methods>
        </Class>
        <Class>
          <Summary numSequencePoints="25" visitedSequencePoints="25" numBranchPoints="7" visitedBranchPoints="7" sequenceCoverage="100" branchCoverage="100" maxCyclomaticComplexity="2" minCyclomaticComplexity="1" maxCrapScore="2" minCrapScore="1" visitedClasses="1" numClasses="1" visitedMethods="5" numMethods="5" />
          <FullName>Tree_Class.Tree</FullName>
          <Methods>
            <Method visited="true" cyclomaticComplexity="1" nPathComplexity="0" sequenceCoverage="100" branchCoverage="100" crapScore="1" isConstructor="false" isStatic="false" isGetter="true" isSetter="false">
              <Summary numSequencePoints="4" visitedSequencePoints="4" numBranchPoints="1" visitedBranchPoints="1" sequenceCoverage="100" branchCoverage="100" maxCyclomaticComplexity="1" minCyclomaticComplexity="1" maxCrapScore="1" minCrapScore="1" visitedClasses="0" numClasses="0" visitedMethods="1" numMethods="1" />
              <MetadataToken>100663299</MetadataToken>
              <Name>System.Int32 Tree_Class.Tree::get_Count()</Name>
              <FileRef uid="3" />
              <SequencePoints>
                <SequencePoint vc="3" uspid="45" ordinal="0" offset="0" sl="25" sc="13" el="25" ec="14" bec="0" bev="0" fileid="3">
                  <TrackedMethodRefs>
                    <TrackedMethodRef uid="8" vc="2" />
                    <TrackedMethodRef uid="7" vc="1" />
                  </TrackedMethodRefs>
                </SequencePoint>
                <SequencePoint vc="3" uspid="46" ordinal="1" offset="1" sl="26" sc="17" el="26" ec="52" bec="0" bev="0" fileid="3">
                  <TrackedMethodRefs>
                    <TrackedMethodRef uid="8" vc="2" />
                    <TrackedMethodRef uid="7" vc="1" />
                  </TrackedMethodRefs>
                </SequencePoint>
                <SequencePoint vc="3" uspid="47" ordinal="2" offset="14" sl="27" sc="17" el="27" ec="30" bec="0" bev="0" fileid="3">
                  <TrackedMethodRefs>
                    <TrackedMethodRef uid="8" vc="2" />
                    <TrackedMethodRef uid="7" vc="1" />
                  </TrackedMethodRefs>
                </SequencePoint>
                <SequencePoint vc="3" uspid="48" ordinal="3" offset="18" sl="28" sc="13" el="28" ec="14" bec="0" bev="0" fileid="3">
                  <TrackedMethodRefs>
                    <TrackedMethodRef uid="8" vc="2" />
                    <TrackedMethodRef uid="7" vc="1" />
                  </TrackedMethodRefs>
                </SequencePoint>
              </SequencePoints>
              <BranchPoints />
              <MethodPoint xsi:type="SequencePoint" vc="3" uspid="45" ordinal="0" offset="0" sl="25" sc="13" el="25" ec="14" bec="0" bev="0" fileid="3">
                <TrackedMethodRefs>
                  <TrackedMethodRef uid="8" vc="2" />
                  <TrackedMethodRef uid="7" vc="1" />
                </TrackedMethodRefs>
              </MethodPoint>
            </Method>
            <Method visited="true" cyclomaticComplexity="1" nPathComplexity="0" sequenceCoverage="100" branchCoverage="100" crapScore="1" isConstructor="true" isStatic="false" isGetter="false" isSetter="false">
              <Summary numSequencePoints="4" visitedSequencePoints="4" numBranchPoints="1" visitedBranchPoints="1" sequenceCoverage="100" branchCoverage="100" maxCyclomaticComplexity="1" minCyclomaticComplexity="1" maxCrapScore="1" minCrapScore="1" visitedClasses="0" numClasses="0" visitedMethods="1" numMethods="1" />
              <MetadataToken>100663300</MetadataToken>
              <Name>System.Void Tree_Class.Tree::.ctor(System.Int32[])</Name>
              <FileRef uid="3" />
              <SequencePoints>
                <SequencePoint vc="8" uspid="49" ordinal="0" offset="0" sl="31" sc="9" el="31" ec="37" bec="0" bev="0" fileid="3">
                  <TrackedMethodRefs>
                    <TrackedMethodRef uid="2" vc="1" />
                    <TrackedMethodRef uid="1" vc="1" />
                    <TrackedMethodRef uid="8" vc="1" />
                    <TrackedMethodRef uid="7" vc="1" />
                    <TrackedMethodRef uid="6" vc="1" />
                    <TrackedMethodRef uid="5" vc="1" />
                    <TrackedMethodRef uid="4" vc="1" />
                    <TrackedMethodRef uid="3" vc="1" />
                  </TrackedMethodRefs>
                </SequencePoint>
                <SequencePoint vc="8" uspid="50" ordinal="1" offset="7" sl="32" sc="9" el="32" ec="10" bec="0" bev="0" fileid="3">
                  <TrackedMethodRefs>
                    <TrackedMethodRef uid="2" vc="1" />
                    <TrackedMethodRef uid="1" vc="1" />
                    <TrackedMethodRef uid="8" vc="1" />
                    <TrackedMethodRef uid="7" vc="1" />
                    <TrackedMethodRef uid="6" vc="1" />
                    <TrackedMethodRef uid="5" vc="1" />
                    <TrackedMethodRef uid="4" vc="1" />
                    <TrackedMethodRef uid="3" vc="1" />
                  </TrackedMethodRefs>
                </SequencePoint>
                <SequencePoint vc="8" uspid="51" ordinal="2" offset="8" sl="33" sc="13" el="33" ec="40" bec="0" bev="0" fileid="3">
                  <TrackedMethodRefs>
                    <TrackedMethodRef uid="2" vc="1" />
                    <TrackedMethodRef uid="1" vc="1" />
                    <TrackedMethodRef uid="8" vc="1" />
                    <TrackedMethodRef uid="7" vc="1" />
                    <TrackedMethodRef uid="6" vc="1" />
                    <TrackedMethodRef uid="5" vc="1" />
                    <TrackedMethodRef uid="4" vc="1" />
                    <TrackedMethodRef uid="3" vc="1" />
                  </TrackedMethodRefs>
                </SequencePoint>
                <SequencePoint vc="8" uspid="52" ordinal="3" offset="15" sl="34" sc="9" el="34" ec="10" bec="0" bev="0" fileid="3">
                  <TrackedMethodRefs>
                    <TrackedMethodRef uid="2" vc="1" />
                    <TrackedMethodRef uid="1" vc="1" />
                    <TrackedMethodRef uid="8" vc="1" />
                    <TrackedMethodRef uid="7" vc="1" />
                    <TrackedMethodRef uid="6" vc="1" />
                    <TrackedMethodRef uid="5" vc="1" />
                    <TrackedMethodRef uid="4" vc="1" />
                    <TrackedMethodRef uid="3" vc="1" />
                  </TrackedMethodRefs>
                </SequencePoint>
              </SequencePoints>
              <BranchPoints />
              <MethodPoint xsi:type="SequencePoint" vc="8" uspid="49" ordinal="0" offset="0" sl="31" sc="9" el="31" ec="37" bec="0" bev="0" fileid="3">
                <TrackedMethodRefs>
                  <TrackedMethodRef uid="2" vc="1" />
                  <TrackedMethodRef uid="1" vc="1" />
                  <TrackedMethodRef uid="8" vc="1" />
                  <TrackedMethodRef uid="7" vc="1" />
                  <TrackedMethodRef uid="6" vc="1" />
                  <TrackedMethodRef uid="5" vc="1" />
                  <TrackedMethodRef uid="4" vc="1" />
                  <TrackedMethodRef uid="3" vc="1" />
                </TrackedMethodRefs>
              </MethodPoint>
            </Method>
            <Method visited="true" cyclomaticComplexity="1" nPathComplexity="0" sequenceCoverage="100" branchCoverage="100" crapScore="1" isConstructor="false" isStatic="false" isGetter="false" isSetter="false">
              <Summary numSequencePoints="4" visitedSequencePoints="4" numBranchPoints="1" visitedBranchPoints="1" sequenceCoverage="100" branchCoverage="100" maxCyclomaticComplexity="1" minCyclomaticComplexity="1" maxCrapScore="1" minCrapScore="1" visitedClasses="0" numClasses="0" visitedMethods="1" numMethods="1" />
              <MetadataToken>100663301</MetadataToken>
              <Name>System.Int32 Tree_Class.Tree::actual(System.Int32)</Name>
              <FileRef uid="3" />
              <SequencePoints>
                <SequencePoint vc="2" uspid="53" ordinal="0" offset="0" sl="37" sc="9" el="37" ec="10" bec="0" bev="0" fileid="3">
                  <TrackedMethodRefs>
                    <TrackedMethodRef uid="2" vc="1" />
                    <TrackedMethodRef uid="1" vc="1" />
                  </TrackedMethodRefs>
                </SequencePoint>
                <SequencePoint vc="2" uspid="54" ordinal="1" offset="1" sl="39" sc="13" el="39" ec="40" bec="0" bev="0" fileid="3">
                  <TrackedMethodRefs>
                    <TrackedMethodRef uid="2" vc="1" />
                    <TrackedMethodRef uid="1" vc="1" />
                  </TrackedMethodRefs>
                </SequencePoint>
                <SequencePoint vc="2" uspid="55" ordinal="2" offset="10" sl="40" sc="13" el="40" ec="26" bec="0" bev="0" fileid="3">
                  <TrackedMethodRefs>
                    <TrackedMethodRef uid="2" vc="1" />
                    <TrackedMethodRef uid="1" vc="1" />
                  </TrackedMethodRefs>
                </SequencePoint>
                <SequencePoint vc="2" uspid="56" ordinal="3" offset="14" sl="41" sc="9" el="41" ec="10" bec="0" bev="0" fileid="3">
                  <TrackedMethodRefs>
                    <TrackedMethodRef uid="2" vc="1" />
                    <TrackedMethodRef uid="1" vc="1" />
                  </TrackedMethodRefs>
                </SequencePoint>
              </SequencePoints>
              <BranchPoints />
              <MethodPoint xsi:type="SequencePoint" vc="2" uspid="53" ordinal="0" offset="0" sl="37" sc="9" el="37" ec="10" bec="0" bev="0" fileid="3">
                <TrackedMethodRefs>
                  <TrackedMethodRef uid="2" vc="1" />
                  <TrackedMethodRef uid="1" vc="1" />
                </TrackedMethodRefs>
              </MethodPoint>
            </Method>
            <Method visited="true" cyclomaticComplexity="2" nPathComplexity="2" sequenceCoverage="100" branchCoverage="100" crapScore="2" isConstructor="false" isStatic="false" isGetter="false" isSetter="false">
              <Summary numSequencePoints="10" visitedSequencePoints="10" numBranchPoints="3" visitedBranchPoints="3" sequenceCoverage="100" branchCoverage="100" maxCyclomaticComplexity="2" minCyclomaticComplexity="2" maxCrapScore="2" minCrapScore="2" visitedClasses="0" numClasses="0" visitedMethods="1" numMethods="1" />
              <MetadataToken>100663302</MetadataToken>
              <Name>System.Int32 Tree_Class.Tree::read(System.Int32)</Name>
              <FileRef uid="3" />
              <SequencePoints>
                <SequencePoint vc="6" uspid="57" ordinal="0" offset="0" sl="45" sc="9" el="45" ec="10" bec="0" bev="0" fileid="3">
                  <TrackedMethodRefs>
                    <TrackedMethodRef uid="6" vc="2" />
                    <TrackedMethodRef uid="5" vc="2" />
                    <TrackedMethodRef uid="4" vc="1" />
                    <TrackedMethodRef uid="3" vc="1" />
                  </TrackedMethodRefs>
                </SequencePoint>
                <SequencePoint vc="6" uspid="58" ordinal="1" offset="1" sl="46" sc="13" el="46" ec="25" bec="0" bev="0" fileid="3">
                  <TrackedMethodRefs>
                    <TrackedMethodRef uid="6" vc="2" />
                    <TrackedMethodRef uid="5" vc="2" />
                    <TrackedMethodRef uid="4" vc="1" />
                    <TrackedMethodRef uid="3" vc="1" />
                  </TrackedMethodRefs>
                </SequencePoint>
                <SequencePoint vc="6" uspid="59" ordinal="2" offset="3" sl="48" sc="17" el="48" ec="26" bec="0" bev="0" fileid="3">
                  <TrackedMethodRefs>
                    <TrackedMethodRef uid="6" vc="2" />
                    <TrackedMethodRef uid="5" vc="2" />
                    <TrackedMethodRef uid="4" vc="1" />
                    <TrackedMethodRef uid="3" vc="1" />
                  </TrackedMethodRefs>
                </SequencePoint>
                <SequencePoint vc="22" uspid="60" ordinal="3" offset="7" sl="49" sc="13" el="49" ec="14" bec="0" bev="0" fileid="3">
                  <TrackedMethodRefs>
                    <TrackedMethodRef uid="6" vc="7" />
                    <TrackedMethodRef uid="5" vc="7" />
                    <TrackedMethodRef uid="4" vc="4" />
                    <TrackedMethodRef uid="3" vc="4" />
                  </TrackedMethodRefs>
                </SequencePoint>
                <SequencePoint vc="22" uspid="61" ordinal="4" offset="8" sl="50" sc="17" el="50" ec="37" bec="0" bev="0" fileid="3">
                  <TrackedMethodRefs>
                    <TrackedMethodRef uid="6" vc="7" />
                    <TrackedMethodRef uid="5" vc="7" />
                    <TrackedMethodRef uid="4" vc="4" />
                    <TrackedMethodRef uid="3" vc="4" />
                  </TrackedMethodRefs>
                </SequencePoint>
                <SequencePoint vc="22" uspid="62" ordinal="5" offset="19" sl="51" sc="13" el="51" ec="14" bec="0" bev="0" fileid="3">
                  <TrackedMethodRefs>
                    <TrackedMethodRef uid="6" vc="7" />
                    <TrackedMethodRef uid="5" vc="7" />
                    <TrackedMethodRef uid="4" vc="4" />
                    <TrackedMethodRef uid="3" vc="4" />
                  </TrackedMethodRefs>
                </SequencePoint>
                <SequencePoint vc="22" uspid="63" ordinal="6" offset="20" sl="48" sc="38" el="48" ec="41" bec="0" bev="0" fileid="3">
                  <TrackedMethodRefs>
                    <TrackedMethodRef uid="6" vc="7" />
                    <TrackedMethodRef uid="5" vc="7" />
                    <TrackedMethodRef uid="4" vc="4" />
                    <TrackedMethodRef uid="3" vc="4" />
                  </TrackedMethodRefs>
                </SequencePoint>
                <SequencePoint vc="28" uspid="64" ordinal="7" offset="24" sl="48" sc="28" el="48" ec="36" bec="2" bev="2" fileid="3">
                  <TrackedMethodRefs>
                    <TrackedMethodRef uid="6" vc="9" />
                    <TrackedMethodRef uid="5" vc="9" />
                    <TrackedMethodRef uid="4" vc="5" />
                    <TrackedMethodRef uid="3" vc="5" />
                  </TrackedMethodRefs>
                </SequencePoint>
                <SequencePoint vc="6" uspid="65" ordinal="8" offset="35" sl="53" sc="13" el="53" ec="24" bec="0" bev="0" fileid="3">
                  <TrackedMethodRefs>
                    <TrackedMethodRef uid="6" vc="2" />
                    <TrackedMethodRef uid="5" vc="2" />
                    <TrackedMethodRef uid="4" vc="1" />
                    <TrackedMethodRef uid="3" vc="1" />
                  </TrackedMethodRefs>
                </SequencePoint>
                <SequencePoint vc="6" uspid="66" ordinal="9" offset="39" sl="54" sc="9" el="54" ec="10" bec="0" bev="0" fileid="3">
                  <TrackedMethodRefs>
                    <TrackedMethodRef uid="6" vc="2" />
                    <TrackedMethodRef uid="5" vc="2" />
                    <TrackedMethodRef uid="4" vc="1" />
                    <TrackedMethodRef uid="3" vc="1" />
                  </TrackedMethodRefs>
                </SequencePoint>
              </SequencePoints>
              <BranchPoints>
                <BranchPoint vc="6" uspid="67" ordinal="0" offset="33" sl="48" path="0" offsetend="35" fileid="3">
                  <TrackedMethodRefs>
                    <TrackedMethodRef uid="6" vc="2" />
                    <TrackedMethodRef uid="5" vc="2" />
                    <TrackedMethodRef uid="4" vc="1" />
                    <TrackedMethodRef uid="3" vc="1" />
                  </TrackedMethodRefs>
                </BranchPoint>
                <BranchPoint vc="22" uspid="68" ordinal="1" offset="33" sl="48" path="1" offsetend="7" fileid="3">
                  <TrackedMethodRefs>
                    <TrackedMethodRef uid="6" vc="7" />
                    <TrackedMethodRef uid="5" vc="7" />
                    <TrackedMethodRef uid="4" vc="4" />
                    <TrackedMethodRef uid="3" vc="4" />
                  </TrackedMethodRefs>
                </BranchPoint>
              </BranchPoints>
              <MethodPoint xsi:type="SequencePoint" vc="6" uspid="57" ordinal="0" offset="0" sl="45" sc="9" el="45" ec="10" bec="0" bev="0" fileid="3">
                <TrackedMethodRefs>
                  <TrackedMethodRef uid="6" vc="2" />
                  <TrackedMethodRef uid="5" vc="2" />
                  <TrackedMethodRef uid="4" vc="1" />
                  <TrackedMethodRef uid="3" vc="1" />
                </TrackedMethodRefs>
              </MethodPoint>
            </Method>
            <Method visited="true" cyclomaticComplexity="1" nPathComplexity="0" sequenceCoverage="100" branchCoverage="100" crapScore="1" isConstructor="false" isStatic="false" isGetter="false" isSetter="false">
              <Summary numSequencePoints="3" visitedSequencePoints="3" numBranchPoints="1" visitedBranchPoints="1" sequenceCoverage="100" branchCoverage="100" maxCyclomaticComplexity="1" minCyclomaticComplexity="1" maxCrapScore="1" minCrapScore="1" visitedClasses="0" numClasses="0" visitedMethods="1" numMethods="1" />
              <MetadataToken>100663303</MetadataToken>
              <Name>System.Int32 Tree_Class.Tree::range_read(Tree_Class.Tree,System.Int32,System.Int32)</Name>
              <FileRef uid="3" />
              <SequencePoints>
                <SequencePoint vc="2" uspid="69" ordinal="0" offset="0" sl="58" sc="9" el="58" ec="10" bec="0" bev="0" fileid="3">
                  <TrackedMethodRefs>
                    <TrackedMethodRef uid="6" vc="1" />
                    <TrackedMethodRef uid="5" vc="1" />
                  </TrackedMethodRefs>
                </SequencePoint>
                <SequencePoint vc="2" uspid="70" ordinal="1" offset="1" sl="59" sc="13" el="59" ec="50" bec="0" bev="0" fileid="3">
                  <TrackedMethodRefs>
                    <TrackedMethodRef uid="6" vc="1" />
                    <TrackedMethodRef uid="5" vc="1" />
                  </TrackedMethodRefs>
                </SequencePoint>
                <SequencePoint vc="2" uspid="71" ordinal="2" offset="21" sl="60" sc="9" el="60" ec="10" bec="0" bev="0" fileid="3">
                  <TrackedMethodRefs>
                    <TrackedMethodRef uid="6" vc="1" />
                    <TrackedMethodRef uid="5" vc="1" />
                  </TrackedMethodRefs>
                </SequencePoint>
              </SequencePoints>
              <BranchPoints />
              <MethodPoint xsi:type="SequencePoint" vc="2" uspid="69" ordinal="0" offset="0" sl="58" sc="9" el="58" ec="10" bec="0" bev="0" fileid="3">
                <TrackedMethodRefs>
                  <TrackedMethodRef uid="6" vc="1" />
                  <TrackedMethodRef uid="5" vc="1" />
                </TrackedMethodRefs>
              </MethodPoint>
            </Method>
          </Methods>
        </Class>
      </Classes>
      <TrackedMethods />
    </Module>
  </Modules>
</CoverageSession>