<?xml version="1.0" encoding="utf-8"?>
<CoverageSession xmlns:xsd="http://www.w3.org/2001/XMLSchema" xmlns:xsi="http://www.w3.org/2001/XMLSchema-instance" Version="4.6.0.0">
  <Summary numSequencePoints="105" visitedSequencePoints="89" numBranchPoints="29" visitedBranchPoints="22" sequenceCoverage="84.76" branchCoverage="75.86" maxCyclomaticComplexity="3" minCyclomaticComplexity="1" maxCrapScore="6" minCrapScore="1" visitedClasses="2" numClasses="3" visitedMethods="14" numMethods="17" />
  <Modules>
    <Module hash="0A-7C-E0-EC-11-93-E7-F2-75-2D-63-40-21-BA-D2-AB-AD-39-8C-6A">
      <Summary numSequencePoints="40" visitedSequencePoints="40" numBranchPoints="8" visitedBranchPoints="8" sequenceCoverage="100" branchCoverage="100" maxCyclomaticComplexity="1" minCyclomaticComplexity="0" maxCrapScore="2" minCrapScore="0" visitedClasses="1" numClasses="1" visitedMethods="8" numMethods="8" />
      <ModulePath>D:\ИПЗ\5 New all refactoring\OldUnitTestProject\OldUnitTestProject\bin\Debug\OldUnitTestProject.dll</ModulePath>
      <ModuleTime>2018-11-25T19:40:27.8108614Z</ModuleTime>
      <ModuleName>OldUnitTestProject</ModuleName>
      <Files>
        <File uid="1" fullPath="D:\ИПЗ\5 New all refactoring\OldUnitTestProject\OldUnitTestProject\UnitTest1.cs" />
      </Files>
      <Classes>
        <Class>
          <Summary numSequencePoints="40" visitedSequencePoints="40" numBranchPoints="8" visitedBranchPoints="8" sequenceCoverage="100" branchCoverage="100" maxCyclomaticComplexity="1" minCyclomaticComplexity="1" maxCrapScore="2" minCrapScore="1" visitedClasses="1" numClasses="1" visitedMethods="8" numMethods="8" />
          <FullName>OldUnitTestProject.UnitTest1</FullName>
          <Methods>
            <Method visited="true" cyclomaticComplexity="1" nPathComplexity="0" sequenceCoverage="100" branchCoverage="100" crapScore="1" isConstructor="false" isStatic="false" isGetter="false" isSetter="false">
              <Summary numSequencePoints="5" visitedSequencePoints="5" numBranchPoints="1" visitedBranchPoints="1" sequenceCoverage="100" branchCoverage="100" maxCyclomaticComplexity="1" minCyclomaticComplexity="1" maxCrapScore="1" minCrapScore="1" visitedClasses="0" numClasses="0" visitedMethods="1" numMethods="1" />
              <MetadataToken>100663297</MetadataToken>
              <Name>System.Void OldUnitTestProject.UnitTest1::test_actual_good_data()</Name>
              <FileRef uid="1" />
              <SequencePoints>
                <SequencePoint vc="1" uspid="1" ordinal="0" offset="0" sl="13" sc="9" el="13" ec="10" bec="0" bev="0" fileid="1">
                  <TrackedMethodRefs>
                    <TrackedMethodRef uid="1" vc="1" />
                  </TrackedMethodRefs>
                </SequencePoint>
                <SequencePoint vc="1" uspid="2" ordinal="1" offset="1" sl="14" sc="13" el="14" ec="68" bec="0" bev="0" fileid="1">
                  <TrackedMethodRefs>
                    <TrackedMethodRef uid="1" vc="1" />
                  </TrackedMethodRefs>
                </SequencePoint>
                <SequencePoint vc="1" uspid="3" ordinal="2" offset="19" sl="15" sc="13" el="15" ec="59" bec="0" bev="0" fileid="1">
                  <TrackedMethodRefs>
                    <TrackedMethodRef uid="1" vc="1" />
                  </TrackedMethodRefs>
                </SequencePoint>
                <SequencePoint vc="1" uspid="4" ordinal="3" offset="26" sl="16" sc="13" el="16" ec="46" bec="0" bev="0" fileid="1">
                  <TrackedMethodRefs>
                    <TrackedMethodRef uid="1" vc="1" />
                  </TrackedMethodRefs>
                </SequencePoint>
                <SequencePoint vc="1" uspid="5" ordinal="4" offset="40" sl="17" sc="9" el="17" ec="10" bec="0" bev="0" fileid="1">
                  <TrackedMethodRefs>
                    <TrackedMethodRef uid="1" vc="1" />
                  </TrackedMethodRefs>
                </SequencePoint>
              </SequencePoints>
              <BranchPoints />
              <MethodPoint xsi:type="SequencePoint" vc="1" uspid="1" ordinal="0" offset="0" sl="13" sc="9" el="13" ec="10" bec="0" bev="0" fileid="1">
                <TrackedMethodRefs>
                  <TrackedMethodRef uid="1" vc="1" />
                </TrackedMethodRefs>
              </MethodPoint>
            </Method>
            <Method visited="true" cyclomaticComplexity="1" nPathComplexity="0" sequenceCoverage="100" branchCoverage="100" crapScore="1" isConstructor="false" isStatic="false" isGetter="false" isSetter="false">
              <Summary numSequencePoints="5" visitedSequencePoints="5" numBranchPoints="1" visitedBranchPoints="1" sequenceCoverage="100" branchCoverage="100" maxCyclomaticComplexity="1" minCyclomaticComplexity="1" maxCrapScore="1" minCrapScore="1" visitedClasses="0" numClasses="0" visitedMethods="1" numMethods="1" />
              <MetadataToken>100663298</MetadataToken>
              <Name>System.Void OldUnitTestProject.UnitTest1::test_actual_bad_data()</Name>
              <FileRef uid="1" />
              <SequencePoints>
                <SequencePoint vc="1" uspid="6" ordinal="0" offset="0" sl="21" sc="9" el="21" ec="10" bec="0" bev="0" fileid="1">
                  <TrackedMethodRefs>
                    <TrackedMethodRef uid="2" vc="1" />
                  </TrackedMethodRefs>
                </SequencePoint>
                <SequencePoint vc="1" uspid="7" ordinal="1" offset="1" sl="22" sc="13" el="22" ec="68" bec="0" bev="0" fileid="1">
                  <TrackedMethodRefs>
                    <TrackedMethodRef uid="2" vc="1" />
                  </TrackedMethodRefs>
                </SequencePoint>
                <SequencePoint vc="1" uspid="8" ordinal="2" offset="19" sl="23" sc="13" el="23" ec="59" bec="0" bev="0" fileid="1">
                  <TrackedMethodRefs>
                    <TrackedMethodRef uid="2" vc="1" />
                  </TrackedMethodRefs>
                </SequencePoint>
                <SequencePoint vc="1" uspid="9" ordinal="3" offset="26" sl="24" sc="13" el="24" ec="53" bec="0" bev="0" fileid="1">
                  <TrackedMethodRefs>
                    <TrackedMethodRef uid="2" vc="1" />
                  </TrackedMethodRefs>
                </SequencePoint>
                <SequencePoint vc="1" uspid="10" ordinal="4" offset="43" sl="25" sc="9" el="25" ec="10" bec="0" bev="0" fileid="1">
                  <TrackedMethodRefs>
                    <TrackedMethodRef uid="2" vc="1" />
                  </TrackedMethodRefs>
                </SequencePoint>
              </SequencePoints>
              <BranchPoints />
              <MethodPoint xsi:type="SequencePoint" vc="1" uspid="6" ordinal="0" offset="0" sl="21" sc="9" el="21" ec="10" bec="0" bev="0" fileid="1">
                <TrackedMethodRefs>
                  <TrackedMethodRef uid="2" vc="1" />
                </TrackedMethodRefs>
              </MethodPoint>
            </Method>
            <Method visited="true" cyclomaticComplexity="1" nPathComplexity="0" sequenceCoverage="100" branchCoverage="100" crapScore="1" isConstructor="false" isStatic="false" isGetter="false" isSetter="false">
              <Summary numSequencePoints="5" visitedSequencePoints="5" numBranchPoints="1" visitedBranchPoints="1" sequenceCoverage="100" branchCoverage="100" maxCyclomaticComplexity="1" minCyclomaticComplexity="1" maxCrapScore="1" minCrapScore="1" visitedClasses="0" numClasses="0" visitedMethods="1" numMethods="1" />
              <MetadataToken>100663299</MetadataToken>
              <Name>System.Void OldUnitTestProject.UnitTest1::test_read_good_data()</Name>
              <FileRef uid="1" />
              <SequencePoints>
                <SequencePoint vc="1" uspid="11" ordinal="0" offset="0" sl="29" sc="9" el="29" ec="10" bec="0" bev="0" fileid="1">
                  <TrackedMethodRefs>
                    <TrackedMethodRef uid="3" vc="1" />
                  </TrackedMethodRefs>
                </SequencePoint>
                <SequencePoint vc="1" uspid="12" ordinal="1" offset="1" sl="30" sc="13" el="30" ec="68" bec="0" bev="0" fileid="1">
                  <TrackedMethodRefs>
                    <TrackedMethodRef uid="3" vc="1" />
                  </TrackedMethodRefs>
                </SequencePoint>
                <SequencePoint vc="1" uspid="13" ordinal="2" offset="19" sl="31" sc="13" el="31" ec="59" bec="0" bev="0" fileid="1">
                  <TrackedMethodRefs>
                    <TrackedMethodRef uid="3" vc="1" />
                  </TrackedMethodRefs>
                </SequencePoint>
                <SequencePoint vc="1" uspid="14" ordinal="3" offset="26" sl="32" sc="13" el="32" ec="44" bec="0" bev="0" fileid="1">
                  <TrackedMethodRefs>
                    <TrackedMethodRef uid="3" vc="1" />
                  </TrackedMethodRefs>
                </SequencePoint>
                <SequencePoint vc="1" uspid="15" ordinal="4" offset="40" sl="33" sc="9" el="33" ec="10" bec="0" bev="0" fileid="1">
                  <TrackedMethodRefs>
                    <TrackedMethodRef uid="3" vc="1" />
                  </TrackedMethodRefs>
                </SequencePoint>
              </SequencePoints>
              <BranchPoints />
              <MethodPoint xsi:type="SequencePoint" vc="1" uspid="11" ordinal="0" offset="0" sl="29" sc="9" el="29" ec="10" bec="0" bev="0" fileid="1">
                <TrackedMethodRefs>
                  <TrackedMethodRef uid="3" vc="1" />
                </TrackedMethodRefs>
              </MethodPoint>
            </Method>
            <Method visited="true" cyclomaticComplexity="1" nPathComplexity="0" sequenceCoverage="100" branchCoverage="100" crapScore="1" isConstructor="false" isStatic="false" isGetter="false" isSetter="false">
              <Summary numSequencePoints="5" visitedSequencePoints="5" numBranchPoints="1" visitedBranchPoints="1" sequenceCoverage="100" branchCoverage="100" maxCyclomaticComplexity="1" minCyclomaticComplexity="1" maxCrapScore="1" minCrapScore="1" visitedClasses="0" numClasses="0" visitedMethods="1" numMethods="1" />
              <MetadataToken>100663300</MetadataToken>
              <Name>System.Void OldUnitTestProject.UnitTest1::test_read_bad_data()</Name>
              <FileRef uid="1" />
              <SequencePoints>
                <SequencePoint vc="1" uspid="16" ordinal="0" offset="0" sl="37" sc="9" el="37" ec="10" bec="0" bev="0" fileid="1">
                  <TrackedMethodRefs>
                    <TrackedMethodRef uid="4" vc="1" />
                  </TrackedMethodRefs>
                </SequencePoint>
                <SequencePoint vc="1" uspid="17" ordinal="1" offset="1" sl="38" sc="13" el="38" ec="68" bec="0" bev="0" fileid="1">
                  <TrackedMethodRefs>
                    <TrackedMethodRef uid="4" vc="1" />
                  </TrackedMethodRefs>
                </SequencePoint>
                <SequencePoint vc="1" uspid="18" ordinal="2" offset="19" sl="39" sc="13" el="39" ec="59" bec="0" bev="0" fileid="1">
                  <TrackedMethodRefs>
                    <TrackedMethodRef uid="4" vc="1" />
                  </TrackedMethodRefs>
                </SequencePoint>
                <SequencePoint vc="1" uspid="19" ordinal="3" offset="26" sl="40" sc="13" el="40" ec="51" bec="0" bev="0" fileid="1">
                  <TrackedMethodRefs>
                    <TrackedMethodRef uid="4" vc="1" />
                  </TrackedMethodRefs>
                </SequencePoint>
                <SequencePoint vc="1" uspid="20" ordinal="4" offset="44" sl="41" sc="9" el="41" ec="10" bec="0" bev="0" fileid="1">
                  <TrackedMethodRefs>
                    <TrackedMethodRef uid="4" vc="1" />
                  </TrackedMethodRefs>
                </SequencePoint>
              </SequencePoints>
              <BranchPoints />
              <MethodPoint xsi:type="SequencePoint" vc="1" uspid="16" ordinal="0" offset="0" sl="37" sc="9" el="37" ec="10" bec="0" bev="0" fileid="1">
                <TrackedMethodRefs>
                  <TrackedMethodRef uid="4" vc="1" />
                </TrackedMethodRefs>
              </MethodPoint>
            </Method>
            <Method visited="true" cyclomaticComplexity="1" nPathComplexity="0" sequenceCoverage="100" branchCoverage="100" crapScore="1" isConstructor="false" isStatic="false" isGetter="false" isSetter="false">
              <Summary numSequencePoints="5" visitedSequencePoints="5" numBranchPoints="1" visitedBranchPoints="1" sequenceCoverage="100" branchCoverage="100" maxCyclomaticComplexity="1" minCyclomaticComplexity="1" maxCrapScore="1" minCrapScore="1" visitedClasses="0" numClasses="0" visitedMethods="1" numMethods="1" />
              <MetadataToken>100663301</MetadataToken>
              <Name>System.Void OldUnitTestProject.UnitTest1::test_range_read_good_data()</Name>
              <FileRef uid="1" />
              <SequencePoints>
                <SequencePoint vc="1" uspid="21" ordinal="0" offset="0" sl="45" sc="9" el="45" ec="10" bec="0" bev="0" fileid="1">
                  <TrackedMethodRefs>
                    <TrackedMethodRef uid="5" vc="1" />
                  </TrackedMethodRefs>
                </SequencePoint>
                <SequencePoint vc="1" uspid="22" ordinal="1" offset="1" sl="46" sc="13" el="46" ec="68" bec="0" bev="0" fileid="1">
                  <TrackedMethodRefs>
                    <TrackedMethodRef uid="5" vc="1" />
                  </TrackedMethodRefs>
                </SequencePoint>
                <SequencePoint vc="1" uspid="23" ordinal="2" offset="19" sl="47" sc="13" el="47" ec="59" bec="0" bev="0" fileid="1">
                  <TrackedMethodRefs>
                    <TrackedMethodRef uid="5" vc="1" />
                  </TrackedMethodRefs>
                </SequencePoint>
                <SequencePoint vc="1" uspid="24" ordinal="3" offset="26" sl="48" sc="13" el="48" ec="57" bec="0" bev="0" fileid="1">
                  <TrackedMethodRefs>
                    <TrackedMethodRef uid="5" vc="1" />
                  </TrackedMethodRefs>
                </SequencePoint>
                <SequencePoint vc="1" uspid="25" ordinal="4" offset="43" sl="49" sc="9" el="49" ec="10" bec="0" bev="0" fileid="1">
                  <TrackedMethodRefs>
                    <TrackedMethodRef uid="5" vc="1" />
                  </TrackedMethodRefs>
                </SequencePoint>
              </SequencePoints>
              <BranchPoints />
              <MethodPoint xsi:type="SequencePoint" vc="1" uspid="21" ordinal="0" offset="0" sl="45" sc="9" el="45" ec="10" bec="0" bev="0" fileid="1">
                <TrackedMethodRefs>
                  <TrackedMethodRef uid="5" vc="1" />
                </TrackedMethodRefs>
              </MethodPoint>
            </Method>
            <Method visited="true" cyclomaticComplexity="1" nPathComplexity="0" sequenceCoverage="100" branchCoverage="100" crapScore="1" isConstructor="false" isStatic="false" isGetter="false" isSetter="false">
              <Summary numSequencePoints="5" visitedSequencePoints="5" numBranchPoints="1" visitedBranchPoints="1" sequenceCoverage="100" branchCoverage="100" maxCyclomaticComplexity="1" minCyclomaticComplexity="1" maxCrapScore="1" minCrapScore="1" visitedClasses="0" numClasses="0" visitedMethods="1" numMethods="1" />
              <MetadataToken>100663302</MetadataToken>
              <Name>System.Void OldUnitTestProject.UnitTest1::test_range_read_bad_data()</Name>
              <FileRef uid="1" />
              <SequencePoints>
                <SequencePoint vc="1" uspid="26" ordinal="0" offset="0" sl="53" sc="9" el="53" ec="10" bec="0" bev="0" fileid="1">
                  <TrackedMethodRefs>
                    <TrackedMethodRef uid="6" vc="1" />
                  </TrackedMethodRefs>
                </SequencePoint>
                <SequencePoint vc="1" uspid="27" ordinal="1" offset="1" sl="54" sc="13" el="54" ec="68" bec="0" bev="0" fileid="1">
                  <TrackedMethodRefs>
                    <TrackedMethodRef uid="6" vc="1" />
                  </TrackedMethodRefs>
                </SequencePoint>
                <SequencePoint vc="1" uspid="28" ordinal="2" offset="19" sl="55" sc="13" el="55" ec="59" bec="0" bev="0" fileid="1">
                  <TrackedMethodRefs>
                    <TrackedMethodRef uid="6" vc="1" />
                  </TrackedMethodRefs>
                </SequencePoint>
                <SequencePoint vc="1" uspid="29" ordinal="3" offset="26" sl="56" sc="13" el="56" ec="64" bec="0" bev="0" fileid="1">
                  <TrackedMethodRefs>
                    <TrackedMethodRef uid="6" vc="1" />
                  </TrackedMethodRefs>
                </SequencePoint>
                <SequencePoint vc="1" uspid="30" ordinal="4" offset="45" sl="57" sc="9" el="57" ec="10" bec="0" bev="0" fileid="1">
                  <TrackedMethodRefs>
                    <TrackedMethodRef uid="6" vc="1" />
                  </TrackedMethodRefs>
                </SequencePoint>
              </SequencePoints>
              <BranchPoints />
              <MethodPoint xsi:type="SequencePoint" vc="1" uspid="26" ordinal="0" offset="0" sl="53" sc="9" el="53" ec="10" bec="0" bev="0" fileid="1">
                <TrackedMethodRefs>
                  <TrackedMethodRef uid="6" vc="1" />
                </TrackedMethodRefs>
              </MethodPoint>
            </Method>
            <Method visited="true" cyclomaticComplexity="1" nPathComplexity="0" sequenceCoverage="100" branchCoverage="100" crapScore="1" isConstructor="false" isStatic="false" isGetter="false" isSetter="false">
              <Summary numSequencePoints="5" visitedSequencePoints="5" numBranchPoints="1" visitedBranchPoints="1" sequenceCoverage="100" branchCoverage="100" maxCyclomaticComplexity="1" minCyclomaticComplexity="1" maxCrapScore="1" minCrapScore="1" visitedClasses="0" numClasses="0" visitedMethods="1" numMethods="1" />
              <MetadataToken>100663303</MetadataToken>
              <Name>System.Void OldUnitTestProject.UnitTest1::test_count_prop_good()</Name>
              <FileRef uid="1" />
              <SequencePoints>
                <SequencePoint vc="1" uspid="31" ordinal="0" offset="0" sl="61" sc="9" el="61" ec="10" bec="0" bev="0" fileid="1">
                  <TrackedMethodRefs>
                    <TrackedMethodRef uid="7" vc="1" />
                  </TrackedMethodRefs>
                </SequencePoint>
                <SequencePoint vc="1" uspid="32" ordinal="1" offset="1" sl="62" sc="13" el="62" ec="68" bec="0" bev="0" fileid="1">
                  <TrackedMethodRefs>
                    <TrackedMethodRef uid="7" vc="1" />
                  </TrackedMethodRefs>
                </SequencePoint>
                <SequencePoint vc="1" uspid="33" ordinal="2" offset="19" sl="63" sc="13" el="63" ec="59" bec="0" bev="0" fileid="1">
                  <TrackedMethodRefs>
                    <TrackedMethodRef uid="7" vc="1" />
                  </TrackedMethodRefs>
                </SequencePoint>
                <SequencePoint vc="1" uspid="34" ordinal="3" offset="26" sl="64" sc="13" el="64" ec="63" bec="0" bev="0" fileid="1">
                  <TrackedMethodRefs>
                    <TrackedMethodRef uid="7" vc="1" />
                  </TrackedMethodRefs>
                </SequencePoint>
                <SequencePoint vc="1" uspid="35" ordinal="4" offset="45" sl="66" sc="9" el="66" ec="10" bec="0" bev="0" fileid="1">
                  <TrackedMethodRefs>
                    <TrackedMethodRef uid="7" vc="1" />
                  </TrackedMethodRefs>
                </SequencePoint>
              </SequencePoints>
              <BranchPoints />
              <MethodPoint xsi:type="SequencePoint" vc="1" uspid="31" ordinal="0" offset="0" sl="61" sc="9" el="61" ec="10" bec="0" bev="0" fileid="1">
                <TrackedMethodRefs>
                  <TrackedMethodRef uid="7" vc="1" />
                </TrackedMethodRefs>
              </MethodPoint>
            </Method>
            <Method visited="true" cyclomaticComplexity="1" nPathComplexity="0" sequenceCoverage="100" branchCoverage="100" crapScore="1" isConstructor="false" isStatic="false" isGetter="false" isSetter="false">
              <Summary numSequencePoints="5" visitedSequencePoints="5" numBranchPoints="1" visitedBranchPoints="1" sequenceCoverage="100" branchCoverage="100" maxCyclomaticComplexity="1" minCyclomaticComplexity="1" maxCrapScore="1" minCrapScore="1" visitedClasses="0" numClasses="0" visitedMethods="1" numMethods="1" />
              <MetadataToken>100663304</MetadataToken>
              <Name>System.Void OldUnitTestProject.UnitTest1::test_count_prop_bad()</Name>
              <FileRef uid="1" />
              <SequencePoints>
                <SequencePoint vc="1" uspid="36" ordinal="0" offset="0" sl="70" sc="9" el="70" ec="10" bec="0" bev="0" fileid="1">
                  <TrackedMethodRefs>
                    <TrackedMethodRef uid="8" vc="1" />
                  </TrackedMethodRefs>
                </SequencePoint>
                <SequencePoint vc="1" uspid="37" ordinal="1" offset="1" sl="71" sc="13" el="71" ec="68" bec="0" bev="0" fileid="1">
                  <TrackedMethodRefs>
                    <TrackedMethodRef uid="8" vc="1" />
                  </TrackedMethodRefs>
                </SequencePoint>
                <SequencePoint vc="1" uspid="38" ordinal="2" offset="19" sl="72" sc="13" el="72" ec="59" bec="0" bev="0" fileid="1">
                  <TrackedMethodRefs>
                    <TrackedMethodRef uid="8" vc="1" />
                  </TrackedMethodRefs>
                </SequencePoint>
                <SequencePoint vc="1" uspid="39" ordinal="3" offset="26" sl="73" sc="13" el="73" ec="58" bec="0" bev="0" fileid="1">
                  <TrackedMethodRefs>
                    <TrackedMethodRef uid="8" vc="1" />
                  </TrackedMethodRefs>
                </SequencePoint>
                <SequencePoint vc="1" uspid="40" ordinal="4" offset="49" sl="75" sc="9" el="75" ec="10" bec="0" bev="0" fileid="1">
                  <TrackedMethodRefs>
                    <TrackedMethodRef uid="8" vc="1" />
                  </TrackedMethodRefs>
                </SequencePoint>
              </SequencePoints>
              <BranchPoints />
              <MethodPoint xsi:type="SequencePoint" vc="1" uspid="36" ordinal="0" offset="0" sl="70" sc="9" el="70" ec="10" bec="0" bev="0" fileid="1">
                <TrackedMethodRefs>
                  <TrackedMethodRef uid="8" vc="1" />
                </TrackedMethodRefs>
              </MethodPoint>
            </Method>
            <Method visited="false" cyclomaticComplexity="1" nPathComplexity="0" sequenceCoverage="0" branchCoverage="0" crapScore="2" isConstructor="true" isStatic="false" isGetter="false" isSetter="false">
              <Summary numSequencePoints="0" visitedSequencePoints="0" numBranchPoints="0" visitedBranchPoints="0" sequenceCoverage="0" branchCoverage="0" maxCyclomaticComplexity="1" minCyclomaticComplexity="1" maxCrapScore="2" minCrapScore="2" visitedClasses="0" numClasses="0" visitedMethods="0" numMethods="0" />
              <MetadataToken>100663305</MetadataToken>
              <Name>System.Void OldUnitTestProject.UnitTest1::.ctor()</Name>
              <SequencePoints />
              <BranchPoints />
              <MethodPoint vc="0" uspid="41" ordinal="0" offset="0" />
            </Method>
          </Methods>
        </Class>
      </Classes>
      <TrackedMethods>
        <TrackedMethod uid="1" token="100663297" name="System.Void OldUnitTestProject.UnitTest1::test_actual_good_data()" strategy="MSTestTest" />
        <TrackedMethod uid="2" token="100663298" name="System.Void OldUnitTestProject.UnitTest1::test_actual_bad_data()" strategy="MSTestTest" />
        <TrackedMethod uid="3" token="100663299" name="System.Void OldUnitTestProject.UnitTest1::test_read_good_data()" strategy="MSTestTest" />
        <TrackedMethod uid="4" token="100663300" name="System.Void OldUnitTestProject.UnitTest1::test_read_bad_data()" strategy="MSTestTest" />
        <TrackedMethod uid="5" token="100663301" name="System.Void OldUnitTestProject.UnitTest1::test_range_read_good_data()" strategy="MSTestTest" />
        <TrackedMethod uid="6" token="100663302" name="System.Void OldUnitTestProject.UnitTest1::test_range_read_bad_data()" strategy="MSTestTest" />
        <TrackedMethod uid="7" token="100663303" name="System.Void OldUnitTestProject.UnitTest1::test_count_prop_good()" strategy="MSTestTest" />
        <TrackedMethod uid="8" token="100663304" name="System.Void OldUnitTestProject.UnitTest1::test_count_prop_bad()" strategy="MSTestTest" />
      </TrackedMethods>
    </Module>
    <Module hash="24-91-99-50-E7-F7-A1-20-C0-01-76-CA-A4-81-B9-7C-CF-C4-26-82">
      <Summary numSequencePoints="65" visitedSequencePoints="49" numBranchPoints="21" visitedBranchPoints="14" sequenceCoverage="75.38" branchCoverage="66.67" maxCyclomaticComplexity="3" minCyclomaticComplexity="1" maxCrapScore="6" minCrapScore="1" visitedClasses="1" numClasses="2" visitedMethods="6" numMethods="9" />
      <ModulePath>D:\ИПЗ\5 New all refactoring\OldUnitTestProject\OldUnitTestProject\bin\Debug\Course_work.exe</ModulePath>
      <ModuleTime>2018-11-22T16:12:24.5002422Z</ModuleTime>
      <ModuleName>Course_work</ModuleName>
      <Files>
        <File uid="3" fullPath="D:\ИПЗ\5 All refactoring\Uvarenko_refactoring\Course_work\Course_work\Program.cs" />
      </Files>
      <Classes>
        <Class>
          <Summary numSequencePoints="63" visitedSequencePoints="49" numBranchPoints="20" visitedBranchPoints="14" sequenceCoverage="77.78" branchCoverage="70" maxCyclomaticComplexity="3" minCyclomaticComplexity="1" maxCrapScore="6" minCrapScore="1" visitedClasses="1" numClasses="1" visitedMethods="6" numMethods="8" />
          <FullName>Course_work.Fenwick_Tree</FullName>
          <Methods>
            <Method visited="true" cyclomaticComplexity="1" nPathComplexity="0" sequenceCoverage="100" branchCoverage="100" crapScore="1" isConstructor="false" isStatic="false" isGetter="true" isSetter="false">
              <Summary numSequencePoints="4" visitedSequencePoints="4" numBranchPoints="1" visitedBranchPoints="1" sequenceCoverage="100" branchCoverage="100" maxCyclomaticComplexity="1" minCyclomaticComplexity="1" maxCrapScore="1" minCrapScore="1" visitedClasses="0" numClasses="0" visitedMethods="1" numMethods="1" />
              <MetadataToken>100663298</MetadataToken>
              <Name>System.Int32 Course_work.Fenwick_Tree::get_Count()</Name>
              <FileRef uid="3" />
              <SequencePoints>
                <SequencePoint vc="3" uspid="42" ordinal="0" offset="0" sl="32" sc="13" el="32" ec="14" bec="0" bev="0" fileid="3">
                  <TrackedMethodRefs>
                    <TrackedMethodRef uid="8" vc="2" />
                    <TrackedMethodRef uid="7" vc="1" />
                  </TrackedMethodRefs>
                </SequencePoint>
                <SequencePoint vc="3" uspid="43" ordinal="1" offset="1" sl="33" sc="17" el="33" ec="51" bec="0" bev="0" fileid="3">
                  <TrackedMethodRefs>
                    <TrackedMethodRef uid="8" vc="2" />
                    <TrackedMethodRef uid="7" vc="1" />
                  </TrackedMethodRefs>
                </SequencePoint>
                <SequencePoint vc="3" uspid="44" ordinal="2" offset="14" sl="34" sc="17" el="34" ec="30" bec="0" bev="0" fileid="3">
                  <TrackedMethodRefs>
                    <TrackedMethodRef uid="8" vc="2" />
                    <TrackedMethodRef uid="7" vc="1" />
                  </TrackedMethodRefs>
                </SequencePoint>
                <SequencePoint vc="3" uspid="45" ordinal="3" offset="18" sl="35" sc="13" el="35" ec="14" bec="0" bev="0" fileid="3">
                  <TrackedMethodRefs>
                    <TrackedMethodRef uid="8" vc="2" />
                    <TrackedMethodRef uid="7" vc="1" />
                  </TrackedMethodRefs>
                </SequencePoint>
              </SequencePoints>
              <BranchPoints />
              <MethodPoint xsi:type="SequencePoint" vc="3" uspid="42" ordinal="0" offset="0" sl="32" sc="13" el="32" ec="14" bec="0" bev="0" fileid="3">
                <TrackedMethodRefs>
                  <TrackedMethodRef uid="8" vc="2" />
                  <TrackedMethodRef uid="7" vc="1" />
                </TrackedMethodRefs>
              </MethodPoint>
            </Method>
            <Method visited="false" cyclomaticComplexity="1" nPathComplexity="0" sequenceCoverage="0" branchCoverage="0" crapScore="2" isConstructor="false" isStatic="false" isGetter="true" isSetter="false">
              <Summary numSequencePoints="3" visitedSequencePoints="0" numBranchPoints="1" visitedBranchPoints="0" sequenceCoverage="0" branchCoverage="0" maxCyclomaticComplexity="1" minCyclomaticComplexity="1" maxCrapScore="2" minCrapScore="2" visitedClasses="0" numClasses="0" visitedMethods="0" numMethods="1" />
              <MetadataToken>100663299</MetadataToken>
              <Name>System.Collections.Generic.List`1&lt;System.Int32&gt; Course_work.Fenwick_Tree::get_Item(System.Int32)</Name>
              <FileRef uid="3" />
              <SequencePoints>
                <SequencePoint vc="0" uspid="46" ordinal="0" offset="0" sl="41" sc="13" el="41" ec="14" bec="0" bev="0" fileid="3" />
                <SequencePoint vc="0" uspid="47" ordinal="1" offset="1" sl="42" sc="17" el="42" ec="36" bec="0" bev="0" fileid="3" />
                <SequencePoint vc="0" uspid="48" ordinal="2" offset="12" sl="43" sc="13" el="43" ec="14" bec="0" bev="0" fileid="3" />
              </SequencePoints>
              <BranchPoints />
              <MethodPoint xsi:type="SequencePoint" vc="0" uspid="46" ordinal="0" offset="0" sl="41" sc="13" el="41" ec="14" bec="0" bev="0" fileid="3" />
            </Method>
            <Method visited="true" cyclomaticComplexity="2" nPathComplexity="2" sequenceCoverage="100" branchCoverage="100" crapScore="2" isConstructor="false" isStatic="true" isGetter="false" isSetter="false">
              <Summary numSequencePoints="10" visitedSequencePoints="10" numBranchPoints="3" visitedBranchPoints="3" sequenceCoverage="100" branchCoverage="100" maxCyclomaticComplexity="2" minCyclomaticComplexity="2" maxCrapScore="2" minCrapScore="2" visitedClasses="0" numClasses="0" visitedMethods="1" numMethods="1" />
              <MetadataToken>100663297</MetadataToken>
              <Name>System.Int32 Course_work.Fenwick_Tree::cumm_summ(System.Int32,System.Int32[])</Name>
              <FileRef uid="3" />
              <SequencePoints>
                <SequencePoint vc="64" uspid="49" ordinal="0" offset="0" sl="14" sc="9" el="14" ec="10" bec="0" bev="0" fileid="3">
                  <TrackedMethodRefs>
                    <TrackedMethodRef uid="2" vc="8" />
                    <TrackedMethodRef uid="1" vc="8" />
                    <TrackedMethodRef uid="8" vc="8" />
                    <TrackedMethodRef uid="7" vc="8" />
                    <TrackedMethodRef uid="6" vc="8" />
                    <TrackedMethodRef uid="5" vc="8" />
                    <TrackedMethodRef uid="4" vc="8" />
                    <TrackedMethodRef uid="3" vc="8" />
                  </TrackedMethodRefs>
                </SequencePoint>
                <SequencePoint vc="64" uspid="50" ordinal="1" offset="1" sl="16" sc="13" el="16" ec="26" bec="0" bev="0" fileid="3">
                  <TrackedMethodRefs>
                    <TrackedMethodRef uid="2" vc="8" />
                    <TrackedMethodRef uid="1" vc="8" />
                    <TrackedMethodRef uid="8" vc="8" />
                    <TrackedMethodRef uid="7" vc="8" />
                    <TrackedMethodRef uid="6" vc="8" />
                    <TrackedMethodRef uid="5" vc="8" />
                    <TrackedMethodRef uid="4" vc="8" />
                    <TrackedMethodRef uid="3" vc="8" />
                  </TrackedMethodRefs>
                </SequencePoint>
                <SequencePoint vc="64" uspid="51" ordinal="2" offset="3" sl="17" sc="13" el="17" ec="42" bec="0" bev="0" fileid="3">
                  <TrackedMethodRefs>
                    <TrackedMethodRef uid="2" vc="8" />
                    <TrackedMethodRef uid="1" vc="8" />
                    <TrackedMethodRef uid="8" vc="8" />
                    <TrackedMethodRef uid="7" vc="8" />
                    <TrackedMethodRef uid="6" vc="8" />
                    <TrackedMethodRef uid="5" vc="8" />
                    <TrackedMethodRef uid="4" vc="8" />
                    <TrackedMethodRef uid="3" vc="8" />
                  </TrackedMethodRefs>
                </SequencePoint>
                <SequencePoint vc="96" uspid="52" ordinal="3" offset="12" sl="20" sc="13" el="20" ec="14" bec="0" bev="0" fileid="3">
                  <TrackedMethodRefs>
                    <TrackedMethodRef uid="2" vc="12" />
                    <TrackedMethodRef uid="1" vc="12" />
                    <TrackedMethodRef uid="8" vc="12" />
                    <TrackedMethodRef uid="7" vc="12" />
                    <TrackedMethodRef uid="6" vc="12" />
                    <TrackedMethodRef uid="5" vc="12" />
                    <TrackedMethodRef uid="4" vc="12" />
                    <TrackedMethodRef uid="3" vc="12" />
                  </TrackedMethodRefs>
                </SequencePoint>
                <SequencePoint vc="96" uspid="53" ordinal="4" offset="13" sl="21" sc="17" el="21" ec="38" bec="0" bev="0" fileid="3">
                  <TrackedMethodRefs>
                    <TrackedMethodRef uid="2" vc="12" />
                    <TrackedMethodRef uid="1" vc="12" />
                    <TrackedMethodRef uid="8" vc="12" />
                    <TrackedMethodRef uid="7" vc="12" />
                    <TrackedMethodRef uid="6" vc="12" />
                    <TrackedMethodRef uid="5" vc="12" />
                    <TrackedMethodRef uid="4" vc="12" />
                    <TrackedMethodRef uid="3" vc="12" />
                  </TrackedMethodRefs>
                </SequencePoint>
                <SequencePoint vc="96" uspid="54" ordinal="5" offset="19" sl="22" sc="17" el="22" ec="26" bec="0" bev="0" fileid="3">
                  <TrackedMethodRefs>
                    <TrackedMethodRef uid="2" vc="12" />
                    <TrackedMethodRef uid="1" vc="12" />
                    <TrackedMethodRef uid="8" vc="12" />
                    <TrackedMethodRef uid="7" vc="12" />
                    <TrackedMethodRef uid="6" vc="12" />
                    <TrackedMethodRef uid="5" vc="12" />
                    <TrackedMethodRef uid="4" vc="12" />
                    <TrackedMethodRef uid="3" vc="12" />
                  </TrackedMethodRefs>
                </SequencePoint>
                <SequencePoint vc="96" uspid="55" ordinal="6" offset="24" sl="24" sc="13" el="24" ec="14" bec="0" bev="0" fileid="3">
                  <TrackedMethodRefs>
                    <TrackedMethodRef uid="2" vc="12" />
                    <TrackedMethodRef uid="1" vc="12" />
                    <TrackedMethodRef uid="8" vc="12" />
                    <TrackedMethodRef uid="7" vc="12" />
                    <TrackedMethodRef uid="6" vc="12" />
                    <TrackedMethodRef uid="5" vc="12" />
                    <TrackedMethodRef uid="4" vc="12" />
                    <TrackedMethodRef uid="3" vc="12" />
                  </TrackedMethodRefs>
                </SequencePoint>
                <SequencePoint vc="160" uspid="56" ordinal="7" offset="25" sl="19" sc="13" el="19" ec="30" bec="2" bev="2" fileid="3">
                  <TrackedMethodRefs>
                    <TrackedMethodRef uid="2" vc="20" />
                    <TrackedMethodRef uid="1" vc="20" />
                    <TrackedMethodRef uid="8" vc="20" />
                    <TrackedMethodRef uid="7" vc="20" />
                    <TrackedMethodRef uid="6" vc="20" />
                    <TrackedMethodRef uid="5" vc="20" />
                    <TrackedMethodRef uid="4" vc="20" />
                    <TrackedMethodRef uid="3" vc="20" />
                  </TrackedMethodRefs>
                </SequencePoint>
                <SequencePoint vc="64" uspid="57" ordinal="8" offset="33" sl="26" sc="13" el="26" ec="25" bec="0" bev="0" fileid="3">
                  <TrackedMethodRefs>
                    <TrackedMethodRef uid="2" vc="8" />
                    <TrackedMethodRef uid="1" vc="8" />
                    <TrackedMethodRef uid="8" vc="8" />
                    <TrackedMethodRef uid="7" vc="8" />
                    <TrackedMethodRef uid="6" vc="8" />
                    <TrackedMethodRef uid="5" vc="8" />
                    <TrackedMethodRef uid="4" vc="8" />
                    <TrackedMethodRef uid="3" vc="8" />
                  </TrackedMethodRefs>
                </SequencePoint>
                <SequencePoint vc="64" uspid="58" ordinal="9" offset="37" sl="27" sc="9" el="27" ec="10" bec="0" bev="0" fileid="3">
                  <TrackedMethodRefs>
                    <TrackedMethodRef uid="2" vc="8" />
                    <TrackedMethodRef uid="1" vc="8" />
                    <TrackedMethodRef uid="8" vc="8" />
                    <TrackedMethodRef uid="7" vc="8" />
                    <TrackedMethodRef uid="6" vc="8" />
                    <TrackedMethodRef uid="5" vc="8" />
                    <TrackedMethodRef uid="4" vc="8" />
                    <TrackedMethodRef uid="3" vc="8" />
                  </TrackedMethodRefs>
                </SequencePoint>
              </SequencePoints>
              <BranchPoints>
                <BranchPoint vc="64" uspid="59" ordinal="0" offset="31" sl="19" path="0" offsetend="33" fileid="3">
                  <TrackedMethodRefs>
                    <TrackedMethodRef uid="2" vc="8" />
                    <TrackedMethodRef uid="1" vc="8" />
                    <TrackedMethodRef uid="8" vc="8" />
                    <TrackedMethodRef uid="7" vc="8" />
                    <TrackedMethodRef uid="6" vc="8" />
                    <TrackedMethodRef uid="5" vc="8" />
                    <TrackedMethodRef uid="4" vc="8" />
                    <TrackedMethodRef uid="3" vc="8" />
                  </TrackedMethodRefs>
                </BranchPoint>
                <BranchPoint vc="96" uspid="60" ordinal="1" offset="31" sl="19" path="1" offsetend="12" fileid="3">
                  <TrackedMethodRefs>
                    <TrackedMethodRef uid="2" vc="12" />
                    <TrackedMethodRef uid="1" vc="12" />
                    <TrackedMethodRef uid="8" vc="12" />
                    <TrackedMethodRef uid="7" vc="12" />
                    <TrackedMethodRef uid="6" vc="12" />
                    <TrackedMethodRef uid="5" vc="12" />
                    <TrackedMethodRef uid="4" vc="12" />
                    <TrackedMethodRef uid="3" vc="12" />
                  </TrackedMethodRefs>
                </BranchPoint>
              </BranchPoints>
              <MethodPoint xsi:type="SequencePoint" vc="64" uspid="49" ordinal="0" offset="0" sl="14" sc="9" el="14" ec="10" bec="0" bev="0" fileid="3">
                <TrackedMethodRefs>
                  <TrackedMethodRef uid="2" vc="8" />
                  <TrackedMethodRef uid="1" vc="8" />
                  <TrackedMethodRef uid="8" vc="8" />
                  <TrackedMethodRef uid="7" vc="8" />
                  <TrackedMethodRef uid="6" vc="8" />
                  <TrackedMethodRef uid="5" vc="8" />
                  <TrackedMethodRef uid="4" vc="8" />
                  <TrackedMethodRef uid="3" vc="8" />
                </TrackedMethodRefs>
              </MethodPoint>
            </Method>
            <Method visited="true" cyclomaticComplexity="2" nPathComplexity="2" sequenceCoverage="100" branchCoverage="100" crapScore="2" isConstructor="true" isStatic="false" isGetter="false" isSetter="false">
              <Summary numSequencePoints="13" visitedSequencePoints="13" numBranchPoints="3" visitedBranchPoints="3" sequenceCoverage="100" branchCoverage="100" maxCyclomaticComplexity="2" minCyclomaticComplexity="2" maxCrapScore="2" minCrapScore="2" visitedClasses="0" numClasses="0" visitedMethods="1" numMethods="1" />
              <MetadataToken>100663300</MetadataToken>
              <Name>System.Void Course_work.Fenwick_Tree::.ctor(System.Int32[])</Name>
              <FileRef uid="3" />
              <SequencePoints>
                <SequencePoint vc="8" uspid="61" ordinal="0" offset="0" sl="47" sc="9" el="47" ec="43" bec="0" bev="0" fileid="3">
                  <TrackedMethodRefs>
                    <TrackedMethodRef uid="2" vc="1" />
                    <TrackedMethodRef uid="1" vc="1" />
                    <TrackedMethodRef uid="8" vc="1" />
                    <TrackedMethodRef uid="7" vc="1" />
                    <TrackedMethodRef uid="6" vc="1" />
                    <TrackedMethodRef uid="5" vc="1" />
                    <TrackedMethodRef uid="4" vc="1" />
                    <TrackedMethodRef uid="3" vc="1" />
                  </TrackedMethodRefs>
                </SequencePoint>
                <SequencePoint vc="8" uspid="62" ordinal="1" offset="7" sl="48" sc="9" el="48" ec="10" bec="0" bev="0" fileid="3">
                  <TrackedMethodRefs>
                    <TrackedMethodRef uid="2" vc="1" />
                    <TrackedMethodRef uid="1" vc="1" />
                    <TrackedMethodRef uid="8" vc="1" />
                    <TrackedMethodRef uid="7" vc="1" />
                    <TrackedMethodRef uid="6" vc="1" />
                    <TrackedMethodRef uid="5" vc="1" />
                    <TrackedMethodRef uid="4" vc="1" />
                    <TrackedMethodRef uid="3" vc="1" />
                  </TrackedMethodRefs>
                </SequencePoint>
                <SequencePoint vc="8" uspid="63" ordinal="2" offset="8" sl="49" sc="13" el="49" ec="72" bec="0" bev="0" fileid="3">
                  <TrackedMethodRefs>
                    <TrackedMethodRef uid="2" vc="1" />
                    <TrackedMethodRef uid="1" vc="1" />
                    <TrackedMethodRef uid="8" vc="1" />
                    <TrackedMethodRef uid="7" vc="1" />
                    <TrackedMethodRef uid="6" vc="1" />
                    <TrackedMethodRef uid="5" vc="1" />
                    <TrackedMethodRef uid="4" vc="1" />
                    <TrackedMethodRef uid="3" vc="1" />
                  </TrackedMethodRefs>
                </SequencePoint>
                <SequencePoint vc="8" uspid="64" ordinal="3" offset="21" sl="51" sc="18" el="51" ec="27" bec="0" bev="0" fileid="3">
                  <TrackedMethodRefs>
                    <TrackedMethodRef uid="2" vc="1" />
                    <TrackedMethodRef uid="1" vc="1" />
                    <TrackedMethodRef uid="8" vc="1" />
                    <TrackedMethodRef uid="7" vc="1" />
                    <TrackedMethodRef uid="6" vc="1" />
                    <TrackedMethodRef uid="5" vc="1" />
                    <TrackedMethodRef uid="4" vc="1" />
                    <TrackedMethodRef uid="3" vc="1" />
                  </TrackedMethodRefs>
                </SequencePoint>
                <SequencePoint vc="64" uspid="65" ordinal="4" offset="25" sl="52" sc="13" el="52" ec="14" bec="0" bev="0" fileid="3">
                  <TrackedMethodRefs>
                    <TrackedMethodRef uid="2" vc="8" />
                    <TrackedMethodRef uid="1" vc="8" />
                    <TrackedMethodRef uid="8" vc="8" />
                    <TrackedMethodRef uid="7" vc="8" />
                    <TrackedMethodRef uid="6" vc="8" />
                    <TrackedMethodRef uid="5" vc="8" />
                    <TrackedMethodRef uid="4" vc="8" />
                    <TrackedMethodRef uid="3" vc="8" />
                  </TrackedMethodRefs>
                </SequencePoint>
                <SequencePoint vc="64" uspid="66" ordinal="5" offset="26" sl="54" sc="17" el="54" ec="54" bec="0" bev="0" fileid="3">
                  <TrackedMethodRefs>
                    <TrackedMethodRef uid="2" vc="8" />
                    <TrackedMethodRef uid="1" vc="8" />
                    <TrackedMethodRef uid="8" vc="8" />
                    <TrackedMethodRef uid="7" vc="8" />
                    <TrackedMethodRef uid="6" vc="8" />
                    <TrackedMethodRef uid="5" vc="8" />
                    <TrackedMethodRef uid="4" vc="8" />
                    <TrackedMethodRef uid="3" vc="8" />
                  </TrackedMethodRefs>
                </SequencePoint>
                <SequencePoint vc="64" uspid="67" ordinal="6" offset="32" sl="55" sc="17" el="55" ec="66" bec="0" bev="0" fileid="3">
                  <TrackedMethodRefs>
                    <TrackedMethodRef uid="2" vc="8" />
                    <TrackedMethodRef uid="1" vc="8" />
                    <TrackedMethodRef uid="8" vc="8" />
                    <TrackedMethodRef uid="7" vc="8" />
                    <TrackedMethodRef uid="6" vc="8" />
                    <TrackedMethodRef uid="5" vc="8" />
                    <TrackedMethodRef uid="4" vc="8" />
                    <TrackedMethodRef uid="3" vc="8" />
                  </TrackedMethodRefs>
                </SequencePoint>
                <SequencePoint vc="64" uspid="68" ordinal="7" offset="46" sl="56" sc="17" el="56" ec="40" bec="0" bev="0" fileid="3">
                  <TrackedMethodRefs>
                    <TrackedMethodRef uid="2" vc="8" />
                    <TrackedMethodRef uid="1" vc="8" />
                    <TrackedMethodRef uid="8" vc="8" />
                    <TrackedMethodRef uid="7" vc="8" />
                    <TrackedMethodRef uid="6" vc="8" />
                    <TrackedMethodRef uid="5" vc="8" />
                    <TrackedMethodRef uid="4" vc="8" />
                    <TrackedMethodRef uid="3" vc="8" />
                  </TrackedMethodRefs>
                </SequencePoint>
                <SequencePoint vc="64" uspid="69" ordinal="8" offset="50" sl="58" sc="13" el="58" ec="14" bec="0" bev="0" fileid="3">
                  <TrackedMethodRefs>
                    <TrackedMethodRef uid="2" vc="8" />
                    <TrackedMethodRef uid="1" vc="8" />
                    <TrackedMethodRef uid="8" vc="8" />
                    <TrackedMethodRef uid="7" vc="8" />
                    <TrackedMethodRef uid="6" vc="8" />
                    <TrackedMethodRef uid="5" vc="8" />
                    <TrackedMethodRef uid="4" vc="8" />
                    <TrackedMethodRef uid="3" vc="8" />
                  </TrackedMethodRefs>
                </SequencePoint>
                <SequencePoint vc="64" uspid="70" ordinal="9" offset="51" sl="51" sc="55" el="51" ec="58" bec="0" bev="0" fileid="3">
                  <TrackedMethodRefs>
                    <TrackedMethodRef uid="2" vc="8" />
                    <TrackedMethodRef uid="1" vc="8" />
                    <TrackedMethodRef uid="8" vc="8" />
                    <TrackedMethodRef uid="7" vc="8" />
                    <TrackedMethodRef uid="6" vc="8" />
                    <TrackedMethodRef uid="5" vc="8" />
                    <TrackedMethodRef uid="4" vc="8" />
                    <TrackedMethodRef uid="3" vc="8" />
                  </TrackedMethodRefs>
                </SequencePoint>
                <SequencePoint vc="72" uspid="71" ordinal="10" offset="55" sl="51" sc="29" el="51" ec="53" bec="2" bev="2" fileid="3">
                  <TrackedMethodRefs>
                    <TrackedMethodRef uid="2" vc="9" />
                    <TrackedMethodRef uid="1" vc="9" />
                    <TrackedMethodRef uid="8" vc="9" />
                    <TrackedMethodRef uid="7" vc="9" />
                    <TrackedMethodRef uid="6" vc="9" />
                    <TrackedMethodRef uid="5" vc="9" />
                    <TrackedMethodRef uid="4" vc="9" />
                    <TrackedMethodRef uid="3" vc="9" />
                  </TrackedMethodRefs>
                </SequencePoint>
                <SequencePoint vc="8" uspid="72" ordinal="11" offset="69" sl="59" sc="13" el="59" ec="38" bec="0" bev="0" fileid="3">
                  <TrackedMethodRefs>
                    <TrackedMethodRef uid="2" vc="1" />
                    <TrackedMethodRef uid="1" vc="1" />
                    <TrackedMethodRef uid="8" vc="1" />
                    <TrackedMethodRef uid="7" vc="1" />
                    <TrackedMethodRef uid="6" vc="1" />
                    <TrackedMethodRef uid="5" vc="1" />
                    <TrackedMethodRef uid="4" vc="1" />
                    <TrackedMethodRef uid="3" vc="1" />
                  </TrackedMethodRefs>
                </SequencePoint>
                <SequencePoint vc="8" uspid="73" ordinal="12" offset="76" sl="61" sc="9" el="61" ec="10" bec="0" bev="0" fileid="3">
                  <TrackedMethodRefs>
                    <TrackedMethodRef uid="2" vc="1" />
                    <TrackedMethodRef uid="1" vc="1" />
                    <TrackedMethodRef uid="8" vc="1" />
                    <TrackedMethodRef uid="7" vc="1" />
                    <TrackedMethodRef uid="6" vc="1" />
                    <TrackedMethodRef uid="5" vc="1" />
                    <TrackedMethodRef uid="4" vc="1" />
                    <TrackedMethodRef uid="3" vc="1" />
                  </TrackedMethodRefs>
                </SequencePoint>
              </SequencePoints>
              <BranchPoints>
                <BranchPoint vc="8" uspid="74" ordinal="0" offset="67" sl="51" path="0" offsetend="69" fileid="3">
                  <TrackedMethodRefs>
                    <TrackedMethodRef uid="2" vc="1" />
                    <TrackedMethodRef uid="1" vc="1" />
                    <TrackedMethodRef uid="8" vc="1" />
                    <TrackedMethodRef uid="7" vc="1" />
                    <TrackedMethodRef uid="6" vc="1" />
                    <TrackedMethodRef uid="5" vc="1" />
                    <TrackedMethodRef uid="4" vc="1" />
                    <TrackedMethodRef uid="3" vc="1" />
                  </TrackedMethodRefs>
                </BranchPoint>
                <BranchPoint vc="64" uspid="75" ordinal="1" offset="67" sl="51" path="1" offsetend="25" fileid="3">
                  <TrackedMethodRefs>
                    <TrackedMethodRef uid="2" vc="8" />
                    <TrackedMethodRef uid="1" vc="8" />
                    <TrackedMethodRef uid="8" vc="8" />
                    <TrackedMethodRef uid="7" vc="8" />
                    <TrackedMethodRef uid="6" vc="8" />
                    <TrackedMethodRef uid="5" vc="8" />
                    <TrackedMethodRef uid="4" vc="8" />
                    <TrackedMethodRef uid="3" vc="8" />
                  </TrackedMethodRefs>
                </BranchPoint>
              </BranchPoints>
              <MethodPoint xsi:type="SequencePoint" vc="8" uspid="61" ordinal="0" offset="0" sl="47" sc="9" el="47" ec="43" bec="0" bev="0" fileid="3">
                <TrackedMethodRefs>
                  <TrackedMethodRef uid="2" vc="1" />
                  <TrackedMethodRef uid="1" vc="1" />
                  <TrackedMethodRef uid="8" vc="1" />
                  <TrackedMethodRef uid="7" vc="1" />
                  <TrackedMethodRef uid="6" vc="1" />
                  <TrackedMethodRef uid="5" vc="1" />
                  <TrackedMethodRef uid="4" vc="1" />
                  <TrackedMethodRef uid="3" vc="1" />
                </TrackedMethodRefs>
              </MethodPoint>
            </Method>
            <Method visited="true" cyclomaticComplexity="2" nPathComplexity="2" sequenceCoverage="100" branchCoverage="100" crapScore="2" isConstructor="false" isStatic="false" isGetter="false" isSetter="false">
              <Summary numSequencePoints="9" visitedSequencePoints="9" numBranchPoints="3" visitedBranchPoints="3" sequenceCoverage="100" branchCoverage="100" maxCyclomaticComplexity="2" minCyclomaticComplexity="2" maxCrapScore="2" minCrapScore="2" visitedClasses="0" numClasses="0" visitedMethods="1" numMethods="1" />
              <MetadataToken>100663301</MetadataToken>
              <Name>System.Int32 Course_work.Fenwick_Tree::read(System.Int32)</Name>
              <FileRef uid="3" />
              <SequencePoints>
                <SequencePoint vc="6" uspid="76" ordinal="0" offset="0" sl="64" sc="9" el="64" ec="10" bec="0" bev="0" fileid="3">
                  <TrackedMethodRefs>
                    <TrackedMethodRef uid="6" vc="2" />
                    <TrackedMethodRef uid="5" vc="2" />
                    <TrackedMethodRef uid="4" vc="1" />
                    <TrackedMethodRef uid="3" vc="1" />
                  </TrackedMethodRefs>
                </SequencePoint>
                <SequencePoint vc="6" uspid="77" ordinal="1" offset="1" sl="65" sc="13" el="65" ec="25" bec="0" bev="0" fileid="3">
                  <TrackedMethodRefs>
                    <TrackedMethodRef uid="6" vc="2" />
                    <TrackedMethodRef uid="5" vc="2" />
                    <TrackedMethodRef uid="4" vc="1" />
                    <TrackedMethodRef uid="3" vc="1" />
                  </TrackedMethodRefs>
                </SequencePoint>
                <SequencePoint vc="8" uspid="78" ordinal="2" offset="5" sl="67" sc="13" el="67" ec="14" bec="0" bev="0" fileid="3">
                  <TrackedMethodRefs>
                    <TrackedMethodRef uid="6" vc="2" />
                    <TrackedMethodRef uid="5" vc="2" />
                    <TrackedMethodRef uid="4" vc="2" />
                    <TrackedMethodRef uid="3" vc="2" />
                  </TrackedMethodRefs>
                </SequencePoint>
                <SequencePoint vc="8" uspid="79" ordinal="3" offset="6" sl="68" sc="17" el="68" ec="41" bec="0" bev="0" fileid="3">
                  <TrackedMethodRefs>
                    <TrackedMethodRef uid="6" vc="2" />
                    <TrackedMethodRef uid="5" vc="2" />
                    <TrackedMethodRef uid="4" vc="2" />
                    <TrackedMethodRef uid="3" vc="2" />
                  </TrackedMethodRefs>
                </SequencePoint>
                <SequencePoint vc="8" uspid="80" ordinal="4" offset="23" sl="69" sc="17" el="69" ec="37" bec="0" bev="0" fileid="3">
                  <TrackedMethodRefs>
                    <TrackedMethodRef uid="6" vc="2" />
                    <TrackedMethodRef uid="5" vc="2" />
                    <TrackedMethodRef uid="4" vc="2" />
                    <TrackedMethodRef uid="3" vc="2" />
                  </TrackedMethodRefs>
                </SequencePoint>
                <SequencePoint vc="8" uspid="81" ordinal="5" offset="31" sl="70" sc="13" el="70" ec="14" bec="0" bev="0" fileid="3">
                  <TrackedMethodRefs>
                    <TrackedMethodRef uid="6" vc="2" />
                    <TrackedMethodRef uid="5" vc="2" />
                    <TrackedMethodRef uid="4" vc="2" />
                    <TrackedMethodRef uid="3" vc="2" />
                  </TrackedMethodRefs>
                </SequencePoint>
                <SequencePoint vc="14" uspid="82" ordinal="6" offset="32" sl="66" sc="13" el="66" ec="28" bec="2" bev="2" fileid="3">
                  <TrackedMethodRefs>
                    <TrackedMethodRef uid="6" vc="4" />
                    <TrackedMethodRef uid="5" vc="4" />
                    <TrackedMethodRef uid="4" vc="3" />
                    <TrackedMethodRef uid="3" vc="3" />
                  </TrackedMethodRefs>
                </SequencePoint>
                <SequencePoint vc="6" uspid="83" ordinal="7" offset="40" sl="71" sc="13" el="71" ec="24" bec="0" bev="0" fileid="3">
                  <TrackedMethodRefs>
                    <TrackedMethodRef uid="6" vc="2" />
                    <TrackedMethodRef uid="5" vc="2" />
                    <TrackedMethodRef uid="4" vc="1" />
                    <TrackedMethodRef uid="3" vc="1" />
                  </TrackedMethodRefs>
                </SequencePoint>
                <SequencePoint vc="6" uspid="84" ordinal="8" offset="44" sl="72" sc="9" el="72" ec="10" bec="0" bev="0" fileid="3">
                  <TrackedMethodRefs>
                    <TrackedMethodRef uid="6" vc="2" />
                    <TrackedMethodRef uid="5" vc="2" />
                    <TrackedMethodRef uid="4" vc="1" />
                    <TrackedMethodRef uid="3" vc="1" />
                  </TrackedMethodRefs>
                </SequencePoint>
              </SequencePoints>
              <BranchPoints>
                <BranchPoint vc="6" uspid="85" ordinal="0" offset="38" sl="66" path="0" offsetend="40" fileid="3">
                  <TrackedMethodRefs>
                    <TrackedMethodRef uid="6" vc="2" />
                    <TrackedMethodRef uid="5" vc="2" />
                    <TrackedMethodRef uid="4" vc="1" />
                    <TrackedMethodRef uid="3" vc="1" />
                  </TrackedMethodRefs>
                </BranchPoint>
                <BranchPoint vc="8" uspid="86" ordinal="1" offset="38" sl="66" path="1" offsetend="5" fileid="3">
                  <TrackedMethodRefs>
                    <TrackedMethodRef uid="6" vc="2" />
                    <TrackedMethodRef uid="5" vc="2" />
                    <TrackedMethodRef uid="4" vc="2" />
                    <TrackedMethodRef uid="3" vc="2" />
                  </TrackedMethodRefs>
                </BranchPoint>
              </BranchPoints>
              <MethodPoint xsi:type="SequencePoint" vc="6" uspid="76" ordinal="0" offset="0" sl="64" sc="9" el="64" ec="10" bec="0" bev="0" fileid="3">
                <TrackedMethodRefs>
                  <TrackedMethodRef uid="6" vc="2" />
                  <TrackedMethodRef uid="5" vc="2" />
                  <TrackedMethodRef uid="4" vc="1" />
                  <TrackedMethodRef uid="3" vc="1" />
                </TrackedMethodRefs>
              </MethodPoint>
            </Method>
            <Method visited="false" cyclomaticComplexity="2" nPathComplexity="2" sequenceCoverage="0" branchCoverage="0" crapScore="6" isConstructor="false" isStatic="false" isGetter="false" isSetter="false">
              <Summary numSequencePoints="7" visitedSequencePoints="0" numBranchPoints="3" visitedBranchPoints="0" sequenceCoverage="0" branchCoverage="0" maxCyclomaticComplexity="2" minCyclomaticComplexity="2" maxCrapScore="6" minCrapScore="6" visitedClasses="0" numClasses="0" visitedMethods="0" numMethods="1" />
              <MetadataToken>100663302</MetadataToken>
              <Name>System.Void Course_work.Fenwick_Tree::update(System.Int32,System.Int32)</Name>
              <FileRef uid="3" />
              <SequencePoints>
                <SequencePoint vc="0" uspid="87" ordinal="0" offset="0" sl="75" sc="9" el="75" ec="10" bec="0" bev="0" fileid="3" />
                <SequencePoint vc="0" uspid="88" ordinal="1" offset="3" sl="77" sc="13" el="77" ec="14" bec="0" bev="0" fileid="3" />
                <SequencePoint vc="0" uspid="89" ordinal="2" offset="4" sl="78" sc="17" el="78" ec="41" bec="0" bev="0" fileid="3" />
                <SequencePoint vc="0" uspid="90" ordinal="3" offset="30" sl="79" sc="17" el="79" ec="37" bec="0" bev="0" fileid="3" />
                <SequencePoint vc="0" uspid="91" ordinal="4" offset="38" sl="80" sc="13" el="80" ec="14" bec="0" bev="0" fileid="3" />
                <SequencePoint vc="0" uspid="92" ordinal="5" offset="39" sl="76" sc="13" el="76" ec="48" bec="2" bev="0" fileid="3" />
                <SequencePoint vc="0" uspid="93" ordinal="6" offset="58" sl="81" sc="9" el="81" ec="10" bec="0" bev="0" fileid="3" />
              </SequencePoints>
              <BranchPoints>
                <BranchPoint vc="0" uspid="94" ordinal="0" offset="56" sl="76" path="0" offsetend="58" fileid="3" />
                <BranchPoint vc="0" uspid="95" ordinal="1" offset="56" sl="76" path="1" offsetend="3" fileid="3" />
              </BranchPoints>
              <MethodPoint xsi:type="SequencePoint" vc="0" uspid="87" ordinal="0" offset="0" sl="75" sc="9" el="75" ec="10" bec="0" bev="0" fileid="3" />
            </Method>
            <Method visited="true" cyclomaticComplexity="3" nPathComplexity="4" sequenceCoverage="71.43" branchCoverage="60" crapScore="3.21" isConstructor="false" isStatic="false" isGetter="false" isSetter="false">
              <Summary numSequencePoints="14" visitedSequencePoints="10" numBranchPoints="5" visitedBranchPoints="3" sequenceCoverage="71.43" branchCoverage="60" maxCyclomaticComplexity="3" minCyclomaticComplexity="3" maxCrapScore="3.21" minCrapScore="3.21" visitedClasses="0" numClasses="0" visitedMethods="1" numMethods="1" />
              <MetadataToken>100663303</MetadataToken>
              <Name>System.Int32 Course_work.Fenwick_Tree::actual(System.Int32)</Name>
              <FileRef uid="3" />
              <SequencePoints>
                <SequencePoint vc="2" uspid="96" ordinal="0" offset="0" sl="85" sc="9" el="85" ec="10" bec="0" bev="0" fileid="3">
                  <TrackedMethodRefs>
                    <TrackedMethodRef uid="2" vc="1" />
                    <TrackedMethodRef uid="1" vc="1" />
                  </TrackedMethodRefs>
                </SequencePoint>
                <SequencePoint vc="2" uspid="97" ordinal="1" offset="1" sl="86" sc="13" el="86" ec="40" bec="0" bev="0" fileid="3">
                  <TrackedMethodRefs>
                    <TrackedMethodRef uid="2" vc="1" />
                    <TrackedMethodRef uid="1" vc="1" />
                  </TrackedMethodRefs>
                </SequencePoint>
                <SequencePoint vc="2" uspid="98" ordinal="2" offset="16" sl="87" sc="13" el="87" ec="25" bec="2" bev="1" fileid="3">
                  <TrackedMethodRefs>
                    <TrackedMethodRef uid="2" vc="1" />
                    <TrackedMethodRef uid="1" vc="1" />
                  </TrackedMethodRefs>
                </SequencePoint>
                <SequencePoint vc="2" uspid="99" ordinal="3" offset="24" sl="88" sc="13" el="88" ec="14" bec="0" bev="0" fileid="3">
                  <TrackedMethodRefs>
                    <TrackedMethodRef uid="2" vc="1" />
                    <TrackedMethodRef uid="1" vc="1" />
                  </TrackedMethodRefs>
                </SequencePoint>
                <SequencePoint vc="2" uspid="100" ordinal="4" offset="25" sl="89" sc="17" el="89" ec="44" bec="0" bev="0" fileid="3">
                  <TrackedMethodRefs>
                    <TrackedMethodRef uid="2" vc="1" />
                    <TrackedMethodRef uid="1" vc="1" />
                  </TrackedMethodRefs>
                </SequencePoint>
                <SequencePoint vc="2" uspid="101" ordinal="5" offset="32" sl="90" sc="17" el="90" ec="23" bec="0" bev="0" fileid="3">
                  <TrackedMethodRefs>
                    <TrackedMethodRef uid="2" vc="1" />
                    <TrackedMethodRef uid="1" vc="1" />
                  </TrackedMethodRefs>
                </SequencePoint>
                <SequencePoint vc="0" uspid="102" ordinal="6" offset="39" sl="92" sc="17" el="92" ec="18" bec="0" bev="0" fileid="3" />
                <SequencePoint vc="0" uspid="103" ordinal="7" offset="40" sl="93" sc="21" el="93" ec="45" bec="0" bev="0" fileid="3" />
                <SequencePoint vc="0" uspid="104" ordinal="8" offset="57" sl="95" sc="21" el="95" ec="41" bec="0" bev="0" fileid="3" />
                <SequencePoint vc="0" uspid="105" ordinal="9" offset="65" sl="96" sc="17" el="96" ec="18" bec="0" bev="0" fileid="3" />
                <SequencePoint vc="2" uspid="106" ordinal="10" offset="66" sl="91" sc="17" el="91" ec="33" bec="2" bev="1" fileid="3">
                  <TrackedMethodRefs>
                    <TrackedMethodRef uid="2" vc="1" />
                    <TrackedMethodRef uid="1" vc="1" />
                  </TrackedMethodRefs>
                </SequencePoint>
                <SequencePoint vc="2" uspid="107" ordinal="11" offset="77" sl="97" sc="13" el="97" ec="14" bec="0" bev="0" fileid="3">
                  <TrackedMethodRefs>
                    <TrackedMethodRef uid="2" vc="1" />
                    <TrackedMethodRef uid="1" vc="1" />
                  </TrackedMethodRefs>
                </SequencePoint>
                <SequencePoint vc="2" uspid="108" ordinal="12" offset="78" sl="98" sc="13" el="98" ec="24" bec="0" bev="0" fileid="3">
                  <TrackedMethodRefs>
                    <TrackedMethodRef uid="2" vc="1" />
                    <TrackedMethodRef uid="1" vc="1" />
                  </TrackedMethodRefs>
                </SequencePoint>
                <SequencePoint vc="2" uspid="109" ordinal="13" offset="83" sl="99" sc="9" el="99" ec="10" bec="0" bev="0" fileid="3">
                  <TrackedMethodRefs>
                    <TrackedMethodRef uid="2" vc="1" />
                    <TrackedMethodRef uid="1" vc="1" />
                  </TrackedMethodRefs>
                </SequencePoint>
              </SequencePoints>
              <BranchPoints>
                <BranchPoint vc="2" uspid="110" ordinal="0" offset="22" sl="87" path="0" offsetend="24" fileid="3">
                  <TrackedMethodRefs>
                    <TrackedMethodRef uid="2" vc="1" />
                    <TrackedMethodRef uid="1" vc="1" />
                  </TrackedMethodRefs>
                </BranchPoint>
                <BranchPoint vc="0" uspid="111" ordinal="1" offset="22" sl="87" path="1" offsetend="78" fileid="3" />
                <BranchPoint vc="2" uspid="112" ordinal="2" offset="75" sl="91" path="0" offsetend="77" fileid="3">
                  <TrackedMethodRefs>
                    <TrackedMethodRef uid="2" vc="1" />
                    <TrackedMethodRef uid="1" vc="1" />
                  </TrackedMethodRefs>
                </BranchPoint>
                <BranchPoint vc="0" uspid="113" ordinal="3" offset="75" sl="91" path="1" offsetend="39" fileid="3" />
              </BranchPoints>
              <MethodPoint xsi:type="SequencePoint" vc="2" uspid="96" ordinal="0" offset="0" sl="85" sc="9" el="85" ec="10" bec="0" bev="0" fileid="3">
                <TrackedMethodRefs>
                  <TrackedMethodRef uid="2" vc="1" />
                  <TrackedMethodRef uid="1" vc="1" />
                </TrackedMethodRefs>
              </MethodPoint>
            </Method>
            <Method visited="true" cyclomaticComplexity="1" nPathComplexity="0" sequenceCoverage="100" branchCoverage="100" crapScore="1" isConstructor="false" isStatic="false" isGetter="false" isSetter="false">
              <Summary numSequencePoints="3" visitedSequencePoints="3" numBranchPoints="1" visitedBranchPoints="1" sequenceCoverage="100" branchCoverage="100" maxCyclomaticComplexity="1" minCyclomaticComplexity="1" maxCrapScore="1" minCrapScore="1" visitedClasses="0" numClasses="0" visitedMethods="1" numMethods="1" />
              <MetadataToken>100663304</MetadataToken>
              <Name>System.Int32 Course_work.Fenwick_Tree::range_read(Course_work.Fenwick_Tree,System.Int32,System.Int32)</Name>
              <FileRef uid="3" />
              <SequencePoints>
                <SequencePoint vc="2" uspid="114" ordinal="0" offset="0" sl="102" sc="9" el="102" ec="10" bec="0" bev="0" fileid="3">
                  <TrackedMethodRefs>
                    <TrackedMethodRef uid="6" vc="1" />
                    <TrackedMethodRef uid="5" vc="1" />
                  </TrackedMethodRefs>
                </SequencePoint>
                <SequencePoint vc="2" uspid="115" ordinal="1" offset="1" sl="103" sc="13" el="103" ec="46" bec="0" bev="0" fileid="3">
                  <TrackedMethodRefs>
                    <TrackedMethodRef uid="6" vc="1" />
                    <TrackedMethodRef uid="5" vc="1" />
                  </TrackedMethodRefs>
                </SequencePoint>
                <SequencePoint vc="2" uspid="116" ordinal="2" offset="21" sl="104" sc="9" el="104" ec="10" bec="0" bev="0" fileid="3">
                  <TrackedMethodRefs>
                    <TrackedMethodRef uid="6" vc="1" />
                    <TrackedMethodRef uid="5" vc="1" />
                  </TrackedMethodRefs>
                </SequencePoint>
              </SequencePoints>
              <BranchPoints />
              <MethodPoint xsi:type="SequencePoint" vc="2" uspid="114" ordinal="0" offset="0" sl="102" sc="9" el="102" ec="10" bec="0" bev="0" fileid="3">
                <TrackedMethodRefs>
                  <TrackedMethodRef uid="6" vc="1" />
                  <TrackedMethodRef uid="5" vc="1" />
                </TrackedMethodRefs>
              </MethodPoint>
            </Method>
          </Methods>
        </Class>
        <Class>
          <Summary numSequencePoints="2" visitedSequencePoints="0" numBranchPoints="1" visitedBranchPoints="0" sequenceCoverage="0" branchCoverage="0" maxCyclomaticComplexity="1" minCyclomaticComplexity="1" maxCrapScore="2" minCrapScore="2" visitedClasses="0" numClasses="1" visitedMethods="0" numMethods="1" />
          <FullName>Course_work.Program</FullName>
          <Methods>
            <Method visited="false" cyclomaticComplexity="1" nPathComplexity="0" sequenceCoverage="0" branchCoverage="0" crapScore="2" isConstructor="false" isStatic="true" isGetter="false" isSetter="false">
              <Summary numSequencePoints="2" visitedSequencePoints="0" numBranchPoints="1" visitedBranchPoints="0" sequenceCoverage="0" branchCoverage="0" maxCyclomaticComplexity="1" minCyclomaticComplexity="1" maxCrapScore="2" minCrapScore="2" visitedClasses="0" numClasses="0" visitedMethods="0" numMethods="1" />
              <MetadataToken>100663305</MetadataToken>
              <Name>System.Void Course_work.Program::Main(System.String[])</Name>
              <FileRef uid="3" />
              <SequencePoints>
                <SequencePoint vc="0" uspid="117" ordinal="0" offset="0" sl="109" sc="13" el="109" ec="14" bec="0" bev="0" fileid="3" />
                <SequencePoint vc="0" uspid="118" ordinal="1" offset="1" sl="111" sc="13" el="111" ec="14" bec="0" bev="0" fileid="3" />
              </SequencePoints>
              <BranchPoints />
              <MethodPoint xsi:type="SequencePoint" vc="0" uspid="117" ordinal="0" offset="0" sl="109" sc="13" el="109" ec="14" bec="0" bev="0" fileid="3" />
            </Method>
            <Method visited="false" cyclomaticComplexity="1" nPathComplexity="0" sequenceCoverage="0" branchCoverage="0" crapScore="2" isConstructor="true" isStatic="false" isGetter="false" isSetter="false">
              <Summary numSequencePoints="0" visitedSequencePoints="0" numBranchPoints="0" visitedBranchPoints="0" sequenceCoverage="0" branchCoverage="0" maxCyclomaticComplexity="1" minCyclomaticComplexity="1" maxCrapScore="2" minCrapScore="2" visitedClasses="0" numClasses="0" visitedMethods="0" numMethods="0" />
              <MetadataToken>100663306</MetadataToken>
              <Name>System.Void Course_work.Program::.ctor()</Name>
              <SequencePoints />
              <BranchPoints />
              <MethodPoint vc="0" uspid="119" ordinal="0" offset="0" />
            </Method>
          </Methods>
        </Class>
      </Classes>
      <TrackedMethods />
    </Module>
  </Modules>
</CoverageSession>